[ 2013-08-27T21:39:30+08:00 ] 127.0.0.1 /web/
INFO: [ app_begin ] --START--
INFO: ReadHtmlCache Behavior ::run [ RunTime:0.003921s ]
INFO: [ app_begin ] --END-- [ RunTime:0.004730s ]
INFO: [ view_parse ] --START--
INFO: ParseTemplate Behavior ::run [ RunTime:0.098059s ]
INFO: [ view_parse ] --END-- [ RunTime:0.098162s ]
INFO: [ view_filter ] --START--
INFO: ContentReplace Behavior ::run [ RunTime:0.006023s ]
INFO: TokenBuild Behavior ::run [ RunTime:0.001552s ]
INFO: WriteHtmlCache Behavior ::run [ RunTime:0.001913s ]
INFO: ShowRuntime Behavior ::run [ RunTime:0.002013s ]
INFO: [ view_filter ] --END-- [ RunTime:0.011729s ]
INFO: [ view_end ] --START--
INFO: ShowPageTrace Behavior ::run [ RunTime:0.002069s ]
INFO: [ view_end ] --END-- [ RunTime:0.002160s ]

[ 2013-08-27T21:39:54+08:00 ] 127.0.0.1 /web/
INFO: [ app_begin ] --START--
INFO: ReadHtmlCache Behavior ::run [ RunTime:0.001120s ]
INFO: [ app_begin ] --END-- [ RunTime:0.001208s ]
INFO: [ view_parse ] --START--
INFO: ParseTemplate Behavior ::run [ RunTime:0.023520s ]
INFO: [ view_parse ] --END-- [ RunTime:0.023625s ]
INFO: [ view_filter ] --START--
INFO: ContentReplace Behavior ::run [ RunTime:0.001328s ]
INFO: TokenBuild Behavior ::run [ RunTime:0.000844s ]
INFO: WriteHtmlCache Behavior ::run [ RunTime:0.000687s ]
INFO: ShowRuntime Behavior ::run [ RunTime:0.000894s ]
INFO: [ view_filter ] --END-- [ RunTime:0.003947s ]
INFO: [ view_end ] --START--
INFO: ShowPageTrace Behavior ::run [ RunTime:0.001284s ]
INFO: [ view_end ] --END-- [ RunTime:0.001373s ]

[ 2013-08-27T21:40:06+08:00 ] 127.0.0.1 /web/
INFO: [ app_begin ] --START--
INFO: ReadHtmlCache Behavior ::run [ RunTime:0.001095s ]
INFO: [ app_begin ] --END-- [ RunTime:0.001182s ]
INFO: [ view_parse ] --START--
INFO: ParseTemplate Behavior ::run [ RunTime:0.023646s ]
INFO: [ view_parse ] --END-- [ RunTime:0.023741s ]
INFO: [ view_filter ] --START--
INFO: ContentReplace Behavior ::run [ RunTime:0.001264s ]
INFO: TokenBuild Behavior ::run [ RunTime:0.000930s ]
INFO: WriteHtmlCache Behavior ::run [ RunTime:0.000839s ]
INFO: ShowRuntime Behavior ::run [ RunTime:0.001058s ]
INFO: [ view_filter ] --END-- [ RunTime:0.004308s ]
INFO: [ view_end ] --START--
INFO: ShowPageTrace Behavior ::run [ RunTime:0.001295s ]
INFO: [ view_end ] --END-- [ RunTime:0.001389s ]

[ 2013-08-27T21:40:50+08:00 ] 127.0.0.1 /web/
INFO: [ app_begin ] --START--
INFO: ReadHtmlCache Behavior ::run [ RunTime:0.001075s ]
INFO: [ app_begin ] --END-- [ RunTime:0.001189s ]
INFO: [ view_parse ] --START--
INFO: ParseTemplate Behavior ::run [ RunTime:0.022959s ]
INFO: [ view_parse ] --END-- [ RunTime:0.023078s ]
INFO: [ view_filter ] --START--
INFO: ContentReplace Behavior ::run [ RunTime:0.001080s ]
INFO: TokenBuild Behavior ::run [ RunTime:0.000798s ]
INFO: WriteHtmlCache Behavior ::run [ RunTime:0.000550s ]
INFO: ShowRuntime Behavior ::run [ RunTime:0.000869s ]
INFO: [ view_filter ] --END-- [ RunTime:0.003493s ]
INFO: [ view_end ] --START--
INFO: ShowPageTrace Behavior ::run [ RunTime:0.001149s ]
INFO: [ view_end ] --END-- [ RunTime:0.001242s ]

[ 2013-08-27T21:42:54+08:00 ] 127.0.0.1 /web/
INFO: [ app_begin ] --START--
INFO: ReadHtmlCache Behavior ::run [ RunTime:0.001296s ]
INFO: [ app_begin ] --END-- [ RunTime:0.001408s ]
INFO: [ view_parse ] --START--
INFO: ParseTemplate Behavior ::run [ RunTime:0.017860s ]
INFO: [ view_parse ] --END-- [ RunTime:0.017961s ]
INFO: [ view_filter ] --START--
INFO: ContentReplace Behavior ::run [ RunTime:0.000965s ]
INFO: TokenBuild Behavior ::run [ RunTime:0.000725s ]
INFO: WriteHtmlCache Behavior ::run [ RunTime:0.000600s ]
INFO: ShowRuntime Behavior ::run [ RunTime:0.000853s ]
INFO: [ view_filter ] --END-- [ RunTime:0.003310s ]
INFO: [ view_end ] --START--
INFO: ShowPageTrace Behavior ::run [ RunTime:0.001244s ]
INFO: [ view_end ] --END-- [ RunTime:0.001327s ]

[ 2013-08-27T21:42:57+08:00 ] 127.0.0.1 /web/
INFO: [ app_begin ] --START--
INFO: ReadHtmlCache Behavior ::run [ RunTime:0.001492s ]
INFO: [ app_begin ] --END-- [ RunTime:0.001666s ]
INFO: [ view_parse ] --START--
INFO: ParseTemplate Behavior ::run [ RunTime:0.016966s ]
INFO: [ view_parse ] --END-- [ RunTime:0.017066s ]
INFO: [ view_filter ] --START--
INFO: ContentReplace Behavior ::run [ RunTime:0.000893s ]
INFO: TokenBuild Behavior ::run [ RunTime:0.000790s ]
INFO: WriteHtmlCache Behavior ::run [ RunTime:0.000645s ]
INFO: ShowRuntime Behavior ::run [ RunTime:0.000804s ]
INFO: [ view_filter ] --END-- [ RunTime:0.003323s ]
INFO: [ view_end ] --START--
INFO: ShowPageTrace Behavior ::run [ RunTime:0.000959s ]
INFO: [ view_end ] --END-- [ RunTime:0.001029s ]

[ 2013-08-27T21:49:02+08:00 ] 127.0.0.1 /web/
INFO: [ app_begin ] --START--
INFO: ReadHtmlCache Behavior ::run [ RunTime:0.001159s ]
INFO: [ app_begin ] --END-- [ RunTime:0.001260s ]
INFO: [ view_parse ] --START--
INFO: ParseTemplate Behavior ::run [ RunTime:0.022481s ]
INFO: [ view_parse ] --END-- [ RunTime:0.022578s ]
INFO: [ view_filter ] --START--
INFO: ContentReplace Behavior ::run [ RunTime:0.001206s ]
INFO: TokenBuild Behavior ::run [ RunTime:0.000798s ]
INFO: WriteHtmlCache Behavior ::run [ RunTime:0.000654s ]
INFO: ShowRuntime Behavior ::run [ RunTime:0.000892s ]
INFO: [ view_filter ] --END-- [ RunTime:0.003730s ]
INFO: [ view_end ] --START--
INFO: ShowPageTrace Behavior ::run [ RunTime:0.001257s ]
INFO: [ view_end ] --END-- [ RunTime:0.001348s ]

[ 2013-08-27T21:49:56+08:00 ] 127.0.0.1 /web/
INFO: [ app_begin ] --START--
INFO: ReadHtmlCache Behavior ::run [ RunTime:0.001171s ]
INFO: [ app_begin ] --END-- [ RunTime:0.001262s ]
INFO: [ view_parse ] --START--
INFO: ParseTemplate Behavior ::run [ RunTime:0.022071s ]
INFO: [ view_parse ] --END-- [ RunTime:0.022162s ]
INFO: [ view_filter ] --START--
INFO: ContentReplace Behavior ::run [ RunTime:0.001324s ]
INFO: TokenBuild Behavior ::run [ RunTime:0.001106s ]
INFO: WriteHtmlCache Behavior ::run [ RunTime:0.000986s ]
INFO: ShowRuntime Behavior ::run [ RunTime:0.001201s ]
INFO: [ view_filter ] --END-- [ RunTime:0.005047s ]
INFO: [ view_end ] --START--
INFO: ShowPageTrace Behavior ::run [ RunTime:0.002163s ]
INFO: [ view_end ] --END-- [ RunTime:0.002250s ]

[ 2013-08-27T21:52:17+08:00 ] 127.0.0.1 /web/
INFO: [ app_begin ] --START--
INFO: ReadHtmlCache Behavior ::run [ RunTime:0.001425s ]
INFO: [ app_begin ] --END-- [ RunTime:0.001588s ]
INFO: [ view_parse ] --START--
NOTIC: [8] Undefined variable: volist E:\www\web\web\Runtime\Cache\6932a47962cf9ed128045074f16433a0.php 第 588 行.
INFO: ParseTemplate Behavior ::run [ RunTime:0.025641s ]
INFO: [ view_parse ] --END-- [ RunTime:0.025752s ]
INFO: [ view_filter ] --START--
INFO: ContentReplace Behavior ::run [ RunTime:0.001824s ]
INFO: TokenBuild Behavior ::run [ RunTime:0.000878s ]
INFO: WriteHtmlCache Behavior ::run [ RunTime:0.000666s ]
INFO: ShowRuntime Behavior ::run [ RunTime:0.000907s ]
INFO: [ view_filter ] --END-- [ RunTime:0.004483s ]
INFO: [ view_end ] --START--
INFO: ShowPageTrace Behavior ::run [ RunTime:0.001182s ]
INFO: [ view_end ] --END-- [ RunTime:0.001259s ]

[ 2013-08-27T21:52:42+08:00 ] 127.0.0.1 /web/
INFO: [ app_begin ] --START--
INFO: ReadHtmlCache Behavior ::run [ RunTime:0.001197s ]
INFO: [ app_begin ] --END-- [ RunTime:0.001301s ]

[ 2013-08-27T21:53:24+08:00 ] 127.0.0.1 /web/
INFO: [ app_begin ] --START--
INFO: ReadHtmlCache Behavior ::run [ RunTime:0.000840s ]
INFO: [ app_begin ] --END-- [ RunTime:0.000931s ]
ERR: Action:_search您所请求的方法不存在！

[ 2013-08-27T21:54:21+08:00 ] 127.0.0.1 /web/
INFO: [ app_begin ] --START--
INFO: ReadHtmlCache Behavior ::run [ RunTime:0.000873s ]
INFO: [ app_begin ] --END-- [ RunTime:0.000967s ]
ERR: Action:_search您所请求的方法不存在！

[ 2013-08-27T21:54:22+08:00 ] 127.0.0.1 /web/
INFO: [ app_begin ] --START--
INFO: ReadHtmlCache Behavior ::run [ RunTime:0.001413s ]
INFO: [ app_begin ] --END-- [ RunTime:0.001556s ]
ERR: Action:_search您所请求的方法不存在！

[ 2013-08-27T21:55:14+08:00 ] 127.0.0.1 /web/
INFO: [ app_begin ] --START--
INFO: ReadHtmlCache Behavior ::run [ RunTime:0.001211s ]
INFO: [ app_begin ] --END-- [ RunTime:0.001309s ]
SQL: SHOW COLUMNS FROM `web_article` [ RunTime:0.127043s ]
NOTIC: [8] Undefined variable: asc E:\www\web\web\Lib\Action\CommonAction.class.php 第 63 行.
SQL: SELECT COUNT(*) AS tp_count FROM `web_article` LIMIT 1   [ RunTime:0.037747s ]
SQL: SELECT * FROM `web_article` ORDER BY Id ASC LIMIT 0,3   [ RunTime:0.000616s ]

[ 2013-08-27T21:56:02+08:00 ] 127.0.0.1 /web/
INFO: [ app_begin ] --START--
INFO: ReadHtmlCache Behavior ::run [ RunTime:0.000838s ]
INFO: [ app_begin ] --END-- [ RunTime:0.000932s ]
SQL: SHOW COLUMNS FROM `web_article` [ RunTime:0.011910s ]
NOTIC: [8] Undefined variable: asc E:\www\web\web\Lib\Action\CommonAction.class.php 第 63 行.
SQL: SELECT COUNT(*) AS tp_count FROM `web_article` LIMIT 1   [ RunTime:0.000529s ]
SQL: SELECT * FROM `web_article` ORDER BY Id ASC LIMIT 0,3   [ RunTime:0.000626s ]
INFO: [ view_parse ] --START--
NOTIC: [8] Undefined variable: volist E:\www\web\web\Runtime\Cache\6932a47962cf9ed128045074f16433a0.php 第 588 行.
INFO: ParseTemplate Behavior ::run [ RunTime:0.045536s ]
INFO: [ view_parse ] --END-- [ RunTime:0.045643s ]
INFO: [ view_filter ] --START--
INFO: ContentReplace Behavior ::run [ RunTime:0.001561s ]
INFO: TokenBuild Behavior ::run [ RunTime:0.001310s ]
INFO: WriteHtmlCache Behavior ::run [ RunTime:0.000863s ]
INFO: ShowRuntime Behavior ::run [ RunTime:0.001481s ]
INFO: [ view_filter ] --END-- [ RunTime:0.005522s ]
INFO: [ view_end ] --START--
INFO: ShowPageTrace Behavior ::run [ RunTime:0.001328s ]
INFO: [ view_end ] --END-- [ RunTime:0.001429s ]

[ 2013-08-27T21:56:35+08:00 ] 127.0.0.1 /web/
INFO: [ app_begin ] --START--
INFO: ReadHtmlCache Behavior ::run [ RunTime:0.001110s ]
INFO: [ app_begin ] --END-- [ RunTime:0.001201s ]
SQL: SHOW COLUMNS FROM `web_article` [ RunTime:0.012166s ]
NOTIC: [8] Undefined variable: asc E:\www\web\web\Lib\Action\CommonAction.class.php 第 63 行.
SQL: SELECT COUNT(*) AS tp_count FROM `web_article` LIMIT 1   [ RunTime:0.000485s ]
SQL: SELECT * FROM `web_article` ORDER BY Id ASC LIMIT 0,3   [ RunTime:0.000642s ]
INFO: [ view_parse ] --START--
INFO: ParseTemplate Behavior ::run [ RunTime:0.035449s ]
INFO: [ view_parse ] --END-- [ RunTime:0.035567s ]
INFO: [ view_filter ] --START--
INFO: ContentReplace Behavior ::run [ RunTime:0.001173s ]
INFO: TokenBuild Behavior ::run [ RunTime:0.000746s ]
INFO: WriteHtmlCache Behavior ::run [ RunTime:0.000610s ]
INFO: ShowRuntime Behavior ::run [ RunTime:0.001131s ]
INFO: [ view_filter ] --END-- [ RunTime:0.004029s ]
INFO: [ view_end ] --START--
INFO: ShowPageTrace Behavior ::run [ RunTime:0.001305s ]
INFO: [ view_end ] --END-- [ RunTime:0.001410s ]

[ 2013-08-27T21:56:52+08:00 ] 127.0.0.1 /web/index.php?_m=mod_article&_a=article_content&article_id=116
INFO: [ app_begin ] --START--
INFO: ReadHtmlCache Behavior ::run [ RunTime:0.000874s ]
INFO: [ app_begin ] --END-- [ RunTime:0.000964s ]
SQL: SHOW COLUMNS FROM `web_article` [ RunTime:0.006845s ]
NOTIC: [8] Undefined variable: asc E:\www\web\web\Lib\Action\CommonAction.class.php 第 63 行.
SQL: SELECT COUNT(*) AS tp_count FROM `web_article` LIMIT 1   [ RunTime:0.000664s ]
SQL: SELECT * FROM `web_article` ORDER BY Id ASC LIMIT 0,3   [ RunTime:0.000575s ]
INFO: [ view_parse ] --START--
INFO: ParseTemplate Behavior ::run [ RunTime:0.025539s ]
INFO: [ view_parse ] --END-- [ RunTime:0.025643s ]
INFO: [ view_filter ] --START--
INFO: ContentReplace Behavior ::run [ RunTime:0.001110s ]
INFO: TokenBuild Behavior ::run [ RunTime:0.000686s ]
INFO: WriteHtmlCache Behavior ::run [ RunTime:0.000638s ]
INFO: ShowRuntime Behavior ::run [ RunTime:0.000777s ]
INFO: [ view_filter ] --END-- [ RunTime:0.003395s ]
INFO: [ view_end ] --START--
INFO: ShowPageTrace Behavior ::run [ RunTime:0.002279s ]
INFO: [ view_end ] --END-- [ RunTime:0.002365s ]

[ 2013-08-27T21:57:55+08:00 ] 127.0.0.1 /web/index.php?_m=mod_article&_a=article_content&article_id=116
INFO: [ app_begin ] --START--
INFO: ReadHtmlCache Behavior ::run [ RunTime:0.000794s ]
INFO: [ app_begin ] --END-- [ RunTime:0.000936s ]
SQL: SHOW COLUMNS FROM `web_article` [ RunTime:0.011596s ]
NOTIC: [8] Undefined variable: asc E:\www\web\web\Lib\Action\CommonAction.class.php 第 63 行.
SQL: SELECT COUNT(*) AS tp_count FROM `web_article` LIMIT 1   [ RunTime:0.000489s ]
SQL: SELECT * FROM `web_article` ORDER BY Id ASC LIMIT 0,10   [ RunTime:0.000662s ]
INFO: [ view_parse ] --START--
INFO: ParseTemplate Behavior ::run [ RunTime:0.031032s ]
INFO: [ view_parse ] --END-- [ RunTime:0.031153s ]
INFO: [ view_filter ] --START--
INFO: ContentReplace Behavior ::run [ RunTime:0.001076s ]
INFO: TokenBuild Behavior ::run [ RunTime:0.000614s ]
INFO: WriteHtmlCache Behavior ::run [ RunTime:0.000471s ]
INFO: ShowRuntime Behavior ::run [ RunTime:0.000708s ]
INFO: [ view_filter ] --END-- [ RunTime:0.003033s ]
INFO: [ view_end ] --START--
INFO: ShowPageTrace Behavior ::run [ RunTime:0.001179s ]
INFO: [ view_end ] --END-- [ RunTime:0.001263s ]

[ 2013-08-27T22:00:19+08:00 ] 127.0.0.1 /web/index.php?_m=mod_article&_a=article_content&article_id=116
INFO: [ app_begin ] --START--
INFO: ReadHtmlCache Behavior ::run [ RunTime:0.001118s ]
INFO: [ app_begin ] --END-- [ RunTime:0.001207s ]
SQL: SHOW COLUMNS FROM `web_article` [ RunTime:0.011862s ]
SQL: SELECT * FROM `web_article` ORDER BY Id ASC LIMIT 10   [ RunTime:0.000776s ]
INFO: [ view_parse ] --START--
INFO: ParseTemplate Behavior ::run [ RunTime:0.024995s ]
INFO: [ view_parse ] --END-- [ RunTime:0.025114s ]
INFO: [ view_filter ] --START--
INFO: ContentReplace Behavior ::run [ RunTime:0.001241s ]
INFO: TokenBuild Behavior ::run [ RunTime:0.000844s ]
INFO: WriteHtmlCache Behavior ::run [ RunTime:0.000679s ]
INFO: ShowRuntime Behavior ::run [ RunTime:0.000950s ]
INFO: [ view_filter ] --END-- [ RunTime:0.003915s ]
INFO: [ view_end ] --START--
INFO: ShowPageTrace Behavior ::run [ RunTime:0.001283s ]
INFO: [ view_end ] --END-- [ RunTime:0.001382s ]

[ 2013-08-27T22:00:22+08:00 ] 127.0.0.1 /web/index.php?_m=mod_article&_a=article_content&article_id=116
INFO: [ app_begin ] --START--
INFO: ReadHtmlCache Behavior ::run [ RunTime:0.000808s ]
INFO: [ app_begin ] --END-- [ RunTime:0.000891s ]
SQL: SHOW COLUMNS FROM `web_article` [ RunTime:0.012188s ]
SQL: SELECT * FROM `web_article` ORDER BY Id ASC LIMIT 10   [ RunTime:0.000846s ]
INFO: [ view_parse ] --START--
INFO: ParseTemplate Behavior ::run [ RunTime:0.032296s ]
INFO: [ view_parse ] --END-- [ RunTime:0.032409s ]
INFO: [ view_filter ] --START--
INFO: ContentReplace Behavior ::run [ RunTime:0.001206s ]
INFO: TokenBuild Behavior ::run [ RunTime:0.000673s ]
INFO: WriteHtmlCache Behavior ::run [ RunTime:0.000529s ]
INFO: ShowRuntime Behavior ::run [ RunTime:0.000754s ]
INFO: [ view_filter ] --END-- [ RunTime:0.003367s ]
INFO: [ view_end ] --START--
INFO: ShowPageTrace Behavior ::run [ RunTime:0.001149s ]
INFO: [ view_end ] --END-- [ RunTime:0.001241s ]

[ 2013-08-27T22:00:48+08:00 ] 127.0.0.1 /web/index.php?_m=mod_article&_a=article_content&article_id=116
INFO: [ app_begin ] --START--
INFO: ReadHtmlCache Behavior ::run [ RunTime:0.000986s ]
INFO: [ app_begin ] --END-- [ RunTime:0.001095s ]
SQL: SHOW COLUMNS FROM `web_article` [ RunTime:0.012648s ]
SQL: SELECT * FROM `web_article` ORDER BY Id ASC LIMIT 0,10   [ RunTime:0.000890s ]
INFO: [ view_parse ] --START--
INFO: ParseTemplate Behavior ::run [ RunTime:0.031823s ]
INFO: [ view_parse ] --END-- [ RunTime:0.031935s ]
INFO: [ view_filter ] --START--
INFO: ContentReplace Behavior ::run [ RunTime:0.001015s ]
INFO: TokenBuild Behavior ::run [ RunTime:0.001057s ]
INFO: WriteHtmlCache Behavior ::run [ RunTime:0.000631s ]
INFO: ShowRuntime Behavior ::run [ RunTime:0.000716s ]
INFO: [ view_filter ] --END-- [ RunTime:0.003609s ]
INFO: [ view_end ] --START--
INFO: ShowPageTrace Behavior ::run [ RunTime:0.001194s ]
INFO: [ view_end ] --END-- [ RunTime:0.001274s ]

[ 2013-08-27T22:01:01+08:00 ] 127.0.0.1 /web/index.php?_m=mod_article&_a=article_content&article_id=116
INFO: [ app_begin ] --START--
INFO: ReadHtmlCache Behavior ::run [ RunTime:0.001151s ]
INFO: [ app_begin ] --END-- [ RunTime:0.001412s ]
SQL: SHOW COLUMNS FROM `web_article` [ RunTime:0.011485s ]
SQL: SELECT * FROM `web_article` ORDER BY Id ASC LIMIT 0,5   [ RunTime:0.000674s ]
INFO: [ view_parse ] --START--
INFO: ParseTemplate Behavior ::run [ RunTime:0.034688s ]
INFO: [ view_parse ] --END-- [ RunTime:0.034798s ]
INFO: [ view_filter ] --START--
INFO: ContentReplace Behavior ::run [ RunTime:0.001206s ]
INFO: TokenBuild Behavior ::run [ RunTime:0.000775s ]
INFO: WriteHtmlCache Behavior ::run [ RunTime:0.000603s ]
INFO: ShowRuntime Behavior ::run [ RunTime:0.001280s ]
INFO: [ view_filter ] --END-- [ RunTime:0.004099s ]
INFO: [ view_end ] --START--
INFO: ShowPageTrace Behavior ::run [ RunTime:0.001078s ]
INFO: [ view_end ] --END-- [ RunTime:0.001160s ]

[ 2013-08-27T22:01:21+08:00 ] 127.0.0.1 /web/index.php?_m=mod_article&_a=article_content&article_id=116
INFO: [ app_begin ] --START--
INFO: ReadHtmlCache Behavior ::run [ RunTime:0.001291s ]
INFO: [ app_begin ] --END-- [ RunTime:0.001404s ]
SQL: SHOW COLUMNS FROM `web_article` [ RunTime:0.011550s ]
SQL: SELECT * FROM `web_article` ORDER BY Id ASC LIMIT 0,6   [ RunTime:0.000674s ]
INFO: [ view_parse ] --START--
INFO: ParseTemplate Behavior ::run [ RunTime:0.036833s ]
INFO: [ view_parse ] --END-- [ RunTime:0.036943s ]
INFO: [ view_filter ] --START--
INFO: ContentReplace Behavior ::run [ RunTime:0.001220s ]
INFO: TokenBuild Behavior ::run [ RunTime:0.000769s ]
INFO: WriteHtmlCache Behavior ::run [ RunTime:0.000638s ]
INFO: ShowRuntime Behavior ::run [ RunTime:0.000999s ]
INFO: [ view_filter ] --END-- [ RunTime:0.003810s ]
INFO: [ view_end ] --START--
INFO: ShowPageTrace Behavior ::run [ RunTime:0.001371s ]
INFO: [ view_end ] --END-- [ RunTime:0.001455s ]

[ 2013-08-27T22:18:58+08:00 ] 127.0.0.1 /web/index.php/Index/show.php
INFO: [ route_check ] --START--
INFO: CheckRoute Behavior ::run [ RunTime:0.002070s ]
INFO: [ route_check ] --END-- [ RunTime:0.002174s ]
INFO: [ app_begin ] --START--
INFO: ReadHtmlCache Behavior ::run [ RunTime:0.001408s ]
INFO: [ app_begin ] --END-- [ RunTime:0.001479s ]
NOTIC: [2048] Declaration of IndexAction::show() should be compatible with Action::show($content, $charset = '', $contentType = '', $prefix = '') E:\www\web\web\Lib\Action\IndexAction.class.php 第 3 行.
ERR: 非法操作:show.php

[ 2013-08-27T22:22:18+08:00 ] 127.0.0.1 /web/index.php
INFO: [ app_begin ] --START--
INFO: ReadHtmlCache Behavior ::run [ RunTime:0.001125s ]
INFO: [ app_begin ] --END-- [ RunTime:0.001219s ]
NOTIC: [2048] Declaration of IndexAction::show() should be compatible with Action::show($content, $charset = '', $contentType = '', $prefix = '') E:\www\web\web\Lib\Action\IndexAction.class.php 第 3 行.
SQL: SHOW COLUMNS FROM `web_article` [ RunTime:0.012106s ]

[ 2013-08-27T22:23:18+08:00 ] 127.0.0.1 /web/index.php
INFO: [ app_begin ] --START--
INFO: ReadHtmlCache Behavior ::run [ RunTime:0.001031s ]
INFO: [ app_begin ] --END-- [ RunTime:0.001170s ]
NOTIC: [2048] Declaration of IndexAction::show() should be compatible with Action::show($content, $charset = '', $contentType = '', $prefix = '') E:\www\web\web\Lib\Action\IndexAction.class.php 第 3 行.
SQL: SHOW COLUMNS FROM `web_article` [ RunTime:0.011730s ]
SQL: SELECT * FROM `web_article` ORDER BY Id ASC LIMIT 0,6   [ RunTime:0.000686s ]
INFO: [ view_parse ] --START--
INFO: ParseTemplate Behavior ::run [ RunTime:0.208617s ]
INFO: [ view_parse ] --END-- [ RunTime:0.208731s ]
INFO: [ view_filter ] --START--
INFO: ContentReplace Behavior ::run [ RunTime:0.001903s ]
INFO: TokenBuild Behavior ::run [ RunTime:0.001846s ]
INFO: WriteHtmlCache Behavior ::run [ RunTime:0.001323s ]
INFO: ShowRuntime Behavior ::run [ RunTime:0.001537s ]
INFO: [ view_filter ] --END-- [ RunTime:0.006820s ]
INFO: [ view_end ] --START--
INFO: ShowPageTrace Behavior ::run [ RunTime:0.001826s ]
INFO: [ view_end ] --END-- [ RunTime:0.001918s ]

[ 2013-08-27T22:23:32+08:00 ] 127.0.0.1 /web/index.php/Index/show.php
INFO: [ route_check ] --START--
INFO: CheckRoute Behavior ::run [ RunTime:0.001187s ]
INFO: [ route_check ] --END-- [ RunTime:0.001276s ]
INFO: [ app_begin ] --START--
INFO: ReadHtmlCache Behavior ::run [ RunTime:0.000979s ]
INFO: [ app_begin ] --END-- [ RunTime:0.001070s ]
NOTIC: [2048] Declaration of IndexAction::show() should be compatible with Action::show($content, $charset = '', $contentType = '', $prefix = '') E:\www\web\web\Lib\Action\IndexAction.class.php 第 3 行.
ERR: 非法操作:show.php

[ 2013-08-27T22:24:51+08:00 ] 127.0.0.1 /web/index.php/Index/test.php
INFO: [ route_check ] --START--
INFO: CheckRoute Behavior ::run [ RunTime:0.001042s ]
INFO: [ route_check ] --END-- [ RunTime:0.001134s ]
INFO: [ app_begin ] --START--
INFO: ReadHtmlCache Behavior ::run [ RunTime:0.001675s ]
INFO: [ app_begin ] --END-- [ RunTime:0.001780s ]
NOTIC: [2048] Declaration of IndexAction::show() should be compatible with Action::show($content, $charset = '', $contentType = '', $prefix = '') E:\www\web\web\Lib\Action\IndexAction.class.php 第 3 行.
ERR: 非法操作:test.php

[ 2013-08-27T22:25:23+08:00 ] 127.0.0.1 /web/index.php/Index/
INFO: [ route_check ] --START--
INFO: CheckRoute Behavior ::run [ RunTime:0.001230s ]
INFO: [ route_check ] --END-- [ RunTime:0.001357s ]
INFO: [ app_begin ] --START--
INFO: ReadHtmlCache Behavior ::run [ RunTime:0.001012s ]
INFO: [ app_begin ] --END-- [ RunTime:0.001100s ]
NOTIC: [2048] Declaration of IndexAction::show() should be compatible with Action::show($content, $charset = '', $contentType = '', $prefix = '') E:\www\web\web\Lib\Action\IndexAction.class.php 第 3 行.
SQL: SHOW COLUMNS FROM `web_article` [ RunTime:0.011876s ]
SQL: SELECT * FROM `web_article` ORDER BY Id ASC LIMIT 0,6   [ RunTime:0.000720s ]
INFO: [ view_parse ] --START--
INFO: ParseTemplate Behavior ::run [ RunTime:0.034370s ]
INFO: [ view_parse ] --END-- [ RunTime:0.034495s ]
INFO: [ view_filter ] --START--
INFO: ContentReplace Behavior ::run [ RunTime:0.001435s ]
INFO: TokenBuild Behavior ::run [ RunTime:0.000763s ]
INFO: WriteHtmlCache Behavior ::run [ RunTime:0.000600s ]
INFO: ShowRuntime Behavior ::run [ RunTime:0.000845s ]
INFO: [ view_filter ] --END-- [ RunTime:0.003822s ]
INFO: [ view_end ] --START--
INFO: ShowPageTrace Behavior ::run [ RunTime:0.006654s ]
INFO: [ view_end ] --END-- [ RunTime:0.006743s ]

[ 2013-08-27T22:25:31+08:00 ] 127.0.0.1 /web/index.php/Index/show
INFO: [ route_check ] --START--
INFO: CheckRoute Behavior ::run [ RunTime:0.001447s ]
INFO: [ route_check ] --END-- [ RunTime:0.001547s ]
INFO: [ app_begin ] --START--
INFO: ReadHtmlCache Behavior ::run [ RunTime:0.000960s ]
INFO: [ app_begin ] --END-- [ RunTime:0.001038s ]
NOTIC: [2048] Declaration of IndexAction::show() should be compatible with Action::show($content, $charset = '', $contentType = '', $prefix = '') E:\www\web\web\Lib\Action\IndexAction.class.php 第 3 行.
SQL: SHOW COLUMNS FROM `web_article` [ RunTime:0.011636s ]

[ 2013-08-27T22:25:51+08:00 ] 127.0.0.1 /web/index.php/Index/show
INFO: [ route_check ] --START--
INFO: CheckRoute Behavior ::run [ RunTime:0.001088s ]
INFO: [ route_check ] --END-- [ RunTime:0.001176s ]
INFO: [ app_begin ] --START--
INFO: ReadHtmlCache Behavior ::run [ RunTime:0.000821s ]
INFO: [ app_begin ] --END-- [ RunTime:0.000890s ]
NOTIC: [2048] Declaration of IndexAction::show() should be compatible with Action::show($content, $charset = '', $contentType = '', $prefix = '') E:\www\web\web\Lib\Action\IndexAction.class.php 第 3 行.
SQL: SHOW COLUMNS FROM `web_article` [ RunTime:0.012633s ]
SQL: SELECT * FROM `web_article` WHERE ( article.id=1 ) LIMIT 1   [ RunTime:0.084591s ]
ERR: 1054:Unknown column 'article.id' in 'where clause'
 [ SQL语句 ] : SELECT * FROM `web_article` WHERE ( article.id=1 ) LIMIT 1  

[ 2013-08-27T22:25:52+08:00 ] 127.0.0.1 /web/index.php/Index/index.html
INFO: [ route_check ] --START--
INFO: CheckRoute Behavior ::run [ RunTime:0.001056s ]
INFO: [ route_check ] --END-- [ RunTime:0.001160s ]
INFO: [ app_begin ] --START--
INFO: ReadHtmlCache Behavior ::run [ RunTime:0.000773s ]
INFO: [ app_begin ] --END-- [ RunTime:0.000834s ]
NOTIC: [2048] Declaration of IndexAction::show() should be compatible with Action::show($content, $charset = '', $contentType = '', $prefix = '') E:\www\web\web\Lib\Action\IndexAction.class.php 第 3 行.
SQL: SHOW COLUMNS FROM `web_article` [ RunTime:0.012602s ]
SQL: SELECT * FROM `web_article` ORDER BY Id ASC LIMIT 0,6   [ RunTime:0.001045s ]
INFO: [ view_parse ] --START--
INFO: ParseTemplate Behavior ::run [ RunTime:0.029119s ]
INFO: [ view_parse ] --END-- [ RunTime:0.029249s ]
INFO: [ view_filter ] --START--
INFO: ContentReplace Behavior ::run [ RunTime:0.001527s ]
INFO: TokenBuild Behavior ::run [ RunTime:0.000896s ]
INFO: WriteHtmlCache Behavior ::run [ RunTime:0.000617s ]
INFO: ShowRuntime Behavior ::run [ RunTime:0.001260s ]
INFO: [ view_filter ] --END-- [ RunTime:0.004542s ]
INFO: [ view_end ] --START--
INFO: ShowPageTrace Behavior ::run [ RunTime:0.006806s ]
INFO: [ view_end ] --END-- [ RunTime:0.006911s ]

[ 2013-08-27T22:26:06+08:00 ] 127.0.0.1 /web/index.php/Index/show.php
INFO: [ route_check ] --START--
INFO: CheckRoute Behavior ::run [ RunTime:0.001059s ]
INFO: [ route_check ] --END-- [ RunTime:0.001146s ]
INFO: [ app_begin ] --START--
INFO: ReadHtmlCache Behavior ::run [ RunTime:0.000781s ]
INFO: [ app_begin ] --END-- [ RunTime:0.000844s ]
NOTIC: [2048] Declaration of IndexAction::show() should be compatible with Action::show($content, $charset = '', $contentType = '', $prefix = '') E:\www\web\web\Lib\Action\IndexAction.class.php 第 3 行.
ERR: 非法操作:show.php

[ 2013-08-27T22:26:12+08:00 ] 127.0.0.1 /web/index.php/Index/show
INFO: [ route_check ] --START--
INFO: CheckRoute Behavior ::run [ RunTime:0.001206s ]
INFO: [ route_check ] --END-- [ RunTime:0.001313s ]
INFO: [ app_begin ] --START--
INFO: ReadHtmlCache Behavior ::run [ RunTime:0.000903s ]
INFO: [ app_begin ] --END-- [ RunTime:0.001172s ]
NOTIC: [2048] Declaration of IndexAction::show() should be compatible with Action::show($content, $charset = '', $contentType = '', $prefix = '') E:\www\web\web\Lib\Action\IndexAction.class.php 第 3 行.
SQL: SHOW COLUMNS FROM `web_article` [ RunTime:0.012074s ]
SQL: SELECT * FROM `web_article` WHERE ( article.id=1 ) LIMIT 1   [ RunTime:0.000855s ]
ERR: 1054:Unknown column 'article.id' in 'where clause'
 [ SQL语句 ] : SELECT * FROM `web_article` WHERE ( article.id=1 ) LIMIT 1  

[ 2013-08-27T22:26:13+08:00 ] 127.0.0.1 /web/index.php/Index/index.html
INFO: [ route_check ] --START--
INFO: CheckRoute Behavior ::run [ RunTime:0.001222s ]
INFO: [ route_check ] --END-- [ RunTime:0.001322s ]
INFO: [ app_begin ] --START--
INFO: ReadHtmlCache Behavior ::run [ RunTime:0.001028s ]
INFO: [ app_begin ] --END-- [ RunTime:0.001107s ]
NOTIC: [2048] Declaration of IndexAction::show() should be compatible with Action::show($content, $charset = '', $contentType = '', $prefix = '') E:\www\web\web\Lib\Action\IndexAction.class.php 第 3 行.
SQL: SHOW COLUMNS FROM `web_article` [ RunTime:0.011981s ]
SQL: SELECT * FROM `web_article` ORDER BY Id ASC LIMIT 0,6   [ RunTime:0.001201s ]
INFO: [ view_parse ] --START--
INFO: ParseTemplate Behavior ::run [ RunTime:0.027585s ]
INFO: [ view_parse ] --END-- [ RunTime:0.027697s ]
INFO: [ view_filter ] --START--
INFO: ContentReplace Behavior ::run [ RunTime:0.000986s ]
INFO: TokenBuild Behavior ::run [ RunTime:0.000625s ]
INFO: WriteHtmlCache Behavior ::run [ RunTime:0.000473s ]
INFO: ShowRuntime Behavior ::run [ RunTime:0.000691s ]
INFO: [ view_filter ] --END-- [ RunTime:0.002943s ]
INFO: [ view_end ] --START--
INFO: ShowPageTrace Behavior ::run [ RunTime:0.002621s ]
INFO: [ view_end ] --END-- [ RunTime:0.002715s ]

[ 2013-08-27T22:29:23+08:00 ] 127.0.0.1 /web/index.php/Index/show.php
ERR: 非法操作:show.php

[ 2013-08-27T22:31:57+08:00 ] 127.0.0.1 /web/index.php/Index/test.html
ERR: Action:assgin您所请求的方法不存在！

[ 2013-08-27T22:49:47+08:00 ] 127.0.0.1 /web/index.php/Index/index.php/Index/show?id=15
ERR: 非法操作:index.php

[ 2013-08-27T22:53:18+08:00 ] 127.0.0.1 /web/index.php/show?id=15
ERR: 无法加载模块:show

[ 2013-08-27T23:02:38+08:00 ] 127.0.0.1 /web/index.php/show/id/15
ERR: 无法加载模块:show

