[ 2013-09-09T20:50:55+08:00 ] 127.0.0.1 /web/admin.php/Public/checkLogin/
INFO: [ app_begin ] --START--
INFO: ReadHtmlCache Behavior ::run [ RunTime:0.001792s ]
INFO: [ app_begin ] --END-- [ RunTime:0.001919s ]
NOTIC: [2] json_encode(): Invalid UTF-8 sequence in argument E:\www\web\ThinkPHP\Lib\Core\Action.class.php 第 322 行.

[ 2013-09-09T20:50:58+08:00 ] 127.0.0.1 /web/admin.php/Public/checkLogin/
INFO: [ app_begin ] --START--
INFO: ReadHtmlCache Behavior ::run [ RunTime:0.001438s ]
INFO: [ app_begin ] --END-- [ RunTime:0.001544s ]
NOTIC: [2] json_encode(): Invalid UTF-8 sequence in argument E:\www\web\ThinkPHP\Lib\Core\Action.class.php 第 322 行.

[ 2013-09-09T20:51:11+08:00 ] 127.0.0.1 /web/admin.php/Public/checkLogin/
INFO: [ app_begin ] --START--
INFO: ReadHtmlCache Behavior ::run [ RunTime:0.001444s ]
INFO: [ app_begin ] --END-- [ RunTime:0.001551s ]
SQL: SHOW COLUMNS FROM `web_user` [ RunTime:0.136222s ]
SQL: SELECT * FROM `web_user` WHERE ( `username` = 'admin' ) AND ( `status` = 0 ) LIMIT 1   [ RunTime:0.011162s ]
NOTIC: [8] Undefined index: account E:\www\web\admin\Lib\Action\PublicAction.class.php 第 53 行.
SQL: UPDATE `web_user` SET `last_login_time`=1378731071,`login_count`=login_count+1,`last_login_ip`='127.0.0.1' WHERE ( `id` = 1 ) [ RunTime:0.022662s ]
NOTIC: [8] Use of undefined constant ajax - assumed 'ajax' E:\www\web\admin\Lib\Action\PublicAction.class.php 第 68 行.
NOTIC: [2] json_encode(): Invalid UTF-8 sequence in argument E:\www\web\ThinkPHP\Lib\Core\Action.class.php 第 322 行.

[ 2013-09-09T20:55:48+08:00 ] 127.0.0.1 /web/admin.php/Public/checkLogin/
INFO: [ app_begin ] --START--
INFO: ReadHtmlCache Behavior ::run [ RunTime:0.001318s ]
INFO: [ app_begin ] --END-- [ RunTime:0.001408s ]
SQL: SHOW COLUMNS FROM `web_user` [ RunTime:0.008467s ]
SQL: SELECT * FROM `web_user` WHERE ( `username` = 'admin' ) AND ( `status` = 0 ) LIMIT 1   [ RunTime:0.000721s ]
NOTIC: [8] Undefined index: account E:\www\web\admin\Lib\Action\PublicAction.class.php 第 53 行.
SQL: UPDATE `web_user` SET `last_login_time`=1378731348,`login_count`=login_count+1,`last_login_ip`='127.0.0.1' WHERE ( `id` = 1 ) [ RunTime:0.000457s ]
NOTIC: [2] json_encode(): Invalid UTF-8 sequence in argument E:\www\web\ThinkPHP\Lib\Core\Action.class.php 第 322 行.

[ 2013-09-09T20:56:16+08:00 ] 127.0.0.1 /web/admin.php/Public/checkLogin/
INFO: [ app_begin ] --START--
INFO: ReadHtmlCache Behavior ::run [ RunTime:0.000862s ]
INFO: [ app_begin ] --END-- [ RunTime:0.000927s ]
SQL: SHOW COLUMNS FROM `web_user` [ RunTime:0.009006s ]
SQL: SELECT * FROM `web_user` WHERE ( `username` = 'admin' ) AND ( `status` = 0 ) LIMIT 1   [ RunTime:0.000746s ]
NOTIC: [8] Undefined index: account E:\www\web\admin\Lib\Action\PublicAction.class.php 第 53 行.
SQL: UPDATE `web_user` SET `last_login_time`=1378731376,`login_count`=login_count+1,`last_login_ip`='127.0.0.1' WHERE ( `id` = 1 ) [ RunTime:0.000376s ]
NOTIC: [2] json_encode(): Invalid UTF-8 sequence in argument E:\www\web\ThinkPHP\Lib\Core\Action.class.php 第 322 行.

[ 2013-09-09T20:56:27+08:00 ] 127.0.0.1 /web/admin.php/Public/checkLogin/
INFO: [ app_begin ] --START--
INFO: ReadHtmlCache Behavior ::run [ RunTime:0.000903s ]
INFO: [ app_begin ] --END-- [ RunTime:0.000972s ]
SQL: SHOW COLUMNS FROM `web_user` [ RunTime:0.008770s ]
SQL: SELECT * FROM `web_user` WHERE ( `username` = 'admin' ) AND ( `status` = 0 ) LIMIT 1   [ RunTime:0.000467s ]
NOTIC: [8] Undefined index: account E:\www\web\admin\Lib\Action\PublicAction.class.php 第 53 行.
SQL: UPDATE `web_user` SET `last_login_time`=1378731387,`login_count`=login_count+1,`last_login_ip`='127.0.0.1' WHERE ( `id` = 1 ) [ RunTime:0.000392s ]
NOTIC: [2] json_encode(): Invalid UTF-8 sequence in argument E:\www\web\ThinkPHP\Lib\Core\Action.class.php 第 322 行.

[ 2013-09-09T20:57:10+08:00 ] 127.0.0.1 /web/admin.php/Public/checkLogin/
INFO: [ app_begin ] --START--
INFO: ReadHtmlCache Behavior ::run [ RunTime:0.000788s ]
INFO: [ app_begin ] --END-- [ RunTime:0.000850s ]
SQL: SHOW COLUMNS FROM `web_user` [ RunTime:0.007016s ]
SQL: SELECT * FROM `web_user` WHERE ( `username` = 'admin' ) AND ( `status` = 0 ) LIMIT 1   [ RunTime:0.000624s ]
NOTIC: [8] Undefined index: account E:\www\web\admin\Lib\Action\PublicAction.class.php 第 53 行.
SQL: UPDATE `web_user` SET `last_login_time`=1378731430,`login_count`=login_count+1,`last_login_ip`='127.0.0.1' WHERE ( `id` = 1 ) [ RunTime:0.000617s ]
NOTIC: [2] json_encode(): Invalid UTF-8 sequence in argument E:\www\web\ThinkPHP\Lib\Core\Action.class.php 第 322 行.

[ 2013-09-09T20:57:15+08:00 ] 127.0.0.1 /web/admin.php/Public/checkLogin/
INFO: [ app_begin ] --START--
INFO: ReadHtmlCache Behavior ::run [ RunTime:0.000861s ]
INFO: [ app_begin ] --END-- [ RunTime:0.000927s ]
SQL: SHOW COLUMNS FROM `web_user` [ RunTime:0.007548s ]
SQL: SELECT * FROM `web_user` WHERE ( `username` = 'admin' ) AND ( `status` = 0 ) LIMIT 1   [ RunTime:0.000587s ]
NOTIC: [8] Undefined index: account E:\www\web\admin\Lib\Action\PublicAction.class.php 第 53 行.
SQL: UPDATE `web_user` SET `last_login_time`=1378731435,`login_count`=login_count+1,`last_login_ip`='127.0.0.1' WHERE ( `id` = 1 ) [ RunTime:0.000499s ]
NOTIC: [2] json_encode(): Invalid UTF-8 sequence in argument E:\www\web\ThinkPHP\Lib\Core\Action.class.php 第 322 行.

[ 2013-09-09T20:57:17+08:00 ] 127.0.0.1 /web/admin.php/Public/checkLogin/
INFO: [ app_begin ] --START--
INFO: ReadHtmlCache Behavior ::run [ RunTime:0.001021s ]
INFO: [ app_begin ] --END-- [ RunTime:0.001109s ]
SQL: SHOW COLUMNS FROM `web_user` [ RunTime:0.007362s ]
SQL: SELECT * FROM `web_user` WHERE ( `username` = 'admin' ) AND ( `status` = 0 ) LIMIT 1   [ RunTime:0.000499s ]
NOTIC: [8] Undefined index: account E:\www\web\admin\Lib\Action\PublicAction.class.php 第 53 行.
SQL: UPDATE `web_user` SET `last_login_time`=1378731437,`login_count`=login_count+1,`last_login_ip`='127.0.0.1' WHERE ( `id` = 1 ) [ RunTime:0.000849s ]
NOTIC: [2] json_encode(): Invalid UTF-8 sequence in argument E:\www\web\ThinkPHP\Lib\Core\Action.class.php 第 322 行.

[ 2013-09-09T20:57:20+08:00 ] 127.0.0.1 /web/admin.php/Public/checkLogin/
INFO: [ app_begin ] --START--
INFO: ReadHtmlCache Behavior ::run [ RunTime:0.000930s ]
INFO: [ app_begin ] --END-- [ RunTime:0.001005s ]
SQL: SHOW COLUMNS FROM `web_user` [ RunTime:0.007023s ]
SQL: SELECT * FROM `web_user` WHERE ( `username` = 'admin' ) AND ( `status` = 0 ) LIMIT 1   [ RunTime:0.001343s ]
NOTIC: [8] Undefined index: account E:\www\web\admin\Lib\Action\PublicAction.class.php 第 53 行.
SQL: UPDATE `web_user` SET `last_login_time`=1378731440,`login_count`=login_count+1,`last_login_ip`='127.0.0.1' WHERE ( `id` = 1 ) [ RunTime:0.000430s ]
NOTIC: [2] json_encode(): Invalid UTF-8 sequence in argument E:\www\web\ThinkPHP\Lib\Core\Action.class.php 第 322 行.

[ 2013-09-09T20:57:22+08:00 ] 127.0.0.1 /web/admin.php/Public/checkLogin/
INFO: [ app_begin ] --START--
INFO: ReadHtmlCache Behavior ::run [ RunTime:0.000793s ]
INFO: [ app_begin ] --END-- [ RunTime:0.000854s ]
SQL: SHOW COLUMNS FROM `web_user` [ RunTime:0.007695s ]
SQL: SELECT * FROM `web_user` WHERE ( `username` = 'admin' ) AND ( `status` = 0 ) LIMIT 1   [ RunTime:0.000577s ]
NOTIC: [8] Undefined index: account E:\www\web\admin\Lib\Action\PublicAction.class.php 第 53 行.
SQL: UPDATE `web_user` SET `last_login_time`=1378731442,`login_count`=login_count+1,`last_login_ip`='127.0.0.1' WHERE ( `id` = 1 ) [ RunTime:0.000705s ]
NOTIC: [2] json_encode(): Invalid UTF-8 sequence in argument E:\www\web\ThinkPHP\Lib\Core\Action.class.php 第 322 行.

[ 2013-09-09T20:57:23+08:00 ] 127.0.0.1 /web/admin.php/Public/checkLogin/
INFO: [ app_begin ] --START--
INFO: ReadHtmlCache Behavior ::run [ RunTime:0.000992s ]
INFO: [ app_begin ] --END-- [ RunTime:0.001075s ]
SQL: SHOW COLUMNS FROM `web_user` [ RunTime:0.007816s ]
SQL: SELECT * FROM `web_user` WHERE ( `username` = 'admin' ) AND ( `status` = 0 ) LIMIT 1   [ RunTime:0.000908s ]
NOTIC: [8] Undefined index: account E:\www\web\admin\Lib\Action\PublicAction.class.php 第 53 行.
SQL: UPDATE `web_user` SET `last_login_time`=1378731443,`login_count`=login_count+1,`last_login_ip`='127.0.0.1' WHERE ( `id` = 1 ) [ RunTime:0.000350s ]
NOTIC: [2] json_encode(): Invalid UTF-8 sequence in argument E:\www\web\ThinkPHP\Lib\Core\Action.class.php 第 322 行.

[ 2013-09-09T20:57:24+08:00 ] 127.0.0.1 /web/admin.php/Public/checkLogin/
INFO: [ app_begin ] --START--
INFO: ReadHtmlCache Behavior ::run [ RunTime:0.000955s ]
INFO: [ app_begin ] --END-- [ RunTime:0.001023s ]
SQL: SHOW COLUMNS FROM `web_user` [ RunTime:0.008225s ]
SQL: SELECT * FROM `web_user` WHERE ( `username` = 'admin' ) AND ( `status` = 0 ) LIMIT 1   [ RunTime:0.000871s ]
NOTIC: [8] Undefined index: account E:\www\web\admin\Lib\Action\PublicAction.class.php 第 53 行.
SQL: UPDATE `web_user` SET `last_login_time`=1378731444,`login_count`=login_count+1,`last_login_ip`='127.0.0.1' WHERE ( `id` = 1 ) [ RunTime:0.000716s ]
NOTIC: [2] json_encode(): Invalid UTF-8 sequence in argument E:\www\web\ThinkPHP\Lib\Core\Action.class.php 第 322 行.

[ 2013-09-09T20:57:25+08:00 ] 127.0.0.1 /web/admin.php/Public/checkLogin/
INFO: [ app_begin ] --START--
INFO: ReadHtmlCache Behavior ::run [ RunTime:0.001058s ]
INFO: [ app_begin ] --END-- [ RunTime:0.001142s ]
SQL: SHOW COLUMNS FROM `web_user` [ RunTime:0.006950s ]
SQL: SELECT * FROM `web_user` WHERE ( `username` = 'admin' ) AND ( `status` = 0 ) LIMIT 1   [ RunTime:0.000621s ]
NOTIC: [8] Undefined index: account E:\www\web\admin\Lib\Action\PublicAction.class.php 第 53 行.
SQL: UPDATE `web_user` SET `last_login_time`=1378731445,`login_count`=login_count+1,`last_login_ip`='127.0.0.1' WHERE ( `id` = 1 ) [ RunTime:0.000453s ]
NOTIC: [2] json_encode(): Invalid UTF-8 sequence in argument E:\www\web\ThinkPHP\Lib\Core\Action.class.php 第 322 行.

[ 2013-09-09T20:57:26+08:00 ] 127.0.0.1 /web/admin.php/Public/checkLogin/
INFO: [ app_begin ] --START--
INFO: ReadHtmlCache Behavior ::run [ RunTime:0.000945s ]
INFO: [ app_begin ] --END-- [ RunTime:0.001011s ]
SQL: SHOW COLUMNS FROM `web_user` [ RunTime:0.007030s ]
SQL: SELECT * FROM `web_user` WHERE ( `username` = 'admin' ) AND ( `status` = 0 ) LIMIT 1   [ RunTime:0.000435s ]
NOTIC: [8] Undefined index: account E:\www\web\admin\Lib\Action\PublicAction.class.php 第 53 行.
SQL: UPDATE `web_user` SET `last_login_time`=1378731446,`login_count`=login_count+1,`last_login_ip`='127.0.0.1' WHERE ( `id` = 1 ) [ RunTime:0.000423s ]
NOTIC: [2] json_encode(): Invalid UTF-8 sequence in argument E:\www\web\ThinkPHP\Lib\Core\Action.class.php 第 322 行.

[ 2013-09-09T20:57:27+08:00 ] 127.0.0.1 /web/admin.php/Public/checkLogin/
INFO: [ app_begin ] --START--
INFO: ReadHtmlCache Behavior ::run [ RunTime:0.001399s ]
INFO: [ app_begin ] --END-- [ RunTime:0.001483s ]
SQL: SHOW COLUMNS FROM `web_user` [ RunTime:0.007117s ]
SQL: SELECT * FROM `web_user` WHERE ( `username` = 'admin' ) AND ( `status` = 0 ) LIMIT 1   [ RunTime:0.000461s ]
NOTIC: [8] Undefined index: account E:\www\web\admin\Lib\Action\PublicAction.class.php 第 53 行.
SQL: UPDATE `web_user` SET `last_login_time`=1378731447,`login_count`=login_count+1,`last_login_ip`='127.0.0.1' WHERE ( `id` = 1 ) [ RunTime:0.000632s ]
NOTIC: [2] json_encode(): Invalid UTF-8 sequence in argument E:\www\web\ThinkPHP\Lib\Core\Action.class.php 第 322 行.

[ 2013-09-09T20:57:28+08:00 ] 127.0.0.1 /web/admin.php/Public/checkLogin/
INFO: [ app_begin ] --START--
INFO: ReadHtmlCache Behavior ::run [ RunTime:0.001034s ]
INFO: [ app_begin ] --END-- [ RunTime:0.001110s ]
SQL: SHOW COLUMNS FROM `web_user` [ RunTime:0.007022s ]
SQL: SELECT * FROM `web_user` WHERE ( `username` = 'admin' ) AND ( `status` = 0 ) LIMIT 1   [ RunTime:0.000555s ]
NOTIC: [8] Undefined index: account E:\www\web\admin\Lib\Action\PublicAction.class.php 第 53 行.
SQL: UPDATE `web_user` SET `last_login_time`=1378731448,`login_count`=login_count+1,`last_login_ip`='127.0.0.1' WHERE ( `id` = 1 ) [ RunTime:0.000676s ]
NOTIC: [2] json_encode(): Invalid UTF-8 sequence in argument E:\www\web\ThinkPHP\Lib\Core\Action.class.php 第 322 行.

[ 2013-09-09T20:57:30+08:00 ] 127.0.0.1 /web/admin.php/Public/checkLogin/
INFO: [ app_begin ] --START--
INFO: ReadHtmlCache Behavior ::run [ RunTime:0.000969s ]
INFO: [ app_begin ] --END-- [ RunTime:0.001050s ]
SQL: SHOW COLUMNS FROM `web_user` [ RunTime:0.007555s ]
SQL: SELECT * FROM `web_user` WHERE ( `username` = 'admin' ) AND ( `status` = 0 ) LIMIT 1   [ RunTime:0.001115s ]
NOTIC: [8] Undefined index: account E:\www\web\admin\Lib\Action\PublicAction.class.php 第 53 行.
SQL: UPDATE `web_user` SET `last_login_time`=1378731450,`login_count`=login_count+1,`last_login_ip`='127.0.0.1' WHERE ( `id` = 1 ) [ RunTime:0.000525s ]
NOTIC: [2] json_encode(): Invalid UTF-8 sequence in argument E:\www\web\ThinkPHP\Lib\Core\Action.class.php 第 322 行.

[ 2013-09-09T20:57:31+08:00 ] 127.0.0.1 /web/admin.php/Public/checkLogin/
INFO: [ app_begin ] --START--
INFO: ReadHtmlCache Behavior ::run [ RunTime:0.000908s ]
INFO: [ app_begin ] --END-- [ RunTime:0.000981s ]
SQL: SHOW COLUMNS FROM `web_user` [ RunTime:0.006740s ]
SQL: SELECT * FROM `web_user` WHERE ( `username` = 'admin' ) AND ( `status` = 0 ) LIMIT 1   [ RunTime:0.000887s ]
NOTIC: [8] Undefined index: account E:\www\web\admin\Lib\Action\PublicAction.class.php 第 53 行.
SQL: UPDATE `web_user` SET `last_login_time`=1378731451,`login_count`=login_count+1,`last_login_ip`='127.0.0.1' WHERE ( `id` = 1 ) [ RunTime:0.001192s ]
NOTIC: [2] json_encode(): Invalid UTF-8 sequence in argument E:\www\web\ThinkPHP\Lib\Core\Action.class.php 第 322 行.

[ 2013-09-09T20:57:32+08:00 ] 127.0.0.1 /web/admin.php/Public/checkLogin/
INFO: [ app_begin ] --START--
INFO: ReadHtmlCache Behavior ::run [ RunTime:0.000783s ]
INFO: [ app_begin ] --END-- [ RunTime:0.000848s ]
SQL: SHOW COLUMNS FROM `web_user` [ RunTime:0.007271s ]
SQL: SELECT * FROM `web_user` WHERE ( `username` = 'admin' ) AND ( `status` = 0 ) LIMIT 1   [ RunTime:0.000444s ]
NOTIC: [8] Undefined index: account E:\www\web\admin\Lib\Action\PublicAction.class.php 第 53 行.
SQL: UPDATE `web_user` SET `last_login_time`=1378731452,`login_count`=login_count+1,`last_login_ip`='127.0.0.1' WHERE ( `id` = 1 ) [ RunTime:0.000371s ]
NOTIC: [2] json_encode(): Invalid UTF-8 sequence in argument E:\www\web\ThinkPHP\Lib\Core\Action.class.php 第 322 行.

[ 2013-09-09T20:57:36+08:00 ] 127.0.0.1 /web/admin.php/Public/checkLogin/
INFO: [ app_begin ] --START--
INFO: ReadHtmlCache Behavior ::run [ RunTime:0.000823s ]
INFO: [ app_begin ] --END-- [ RunTime:0.000887s ]
SQL: SHOW COLUMNS FROM `web_user` [ RunTime:0.007883s ]
SQL: SELECT * FROM `web_user` WHERE ( `username` = 'admin' ) AND ( `status` = 0 ) LIMIT 1   [ RunTime:0.000722s ]
NOTIC: [8] Undefined index: account E:\www\web\admin\Lib\Action\PublicAction.class.php 第 53 行.
SQL: UPDATE `web_user` SET `last_login_time`=1378731456,`login_count`=login_count+1,`last_login_ip`='127.0.0.1' WHERE ( `id` = 1 ) [ RunTime:0.000413s ]
NOTIC: [2] json_encode(): Invalid UTF-8 sequence in argument E:\www\web\ThinkPHP\Lib\Core\Action.class.php 第 322 行.

[ 2013-09-09T20:57:37+08:00 ] 127.0.0.1 /web/admin.php/Public/checkLogin/
INFO: [ app_begin ] --START--
INFO: ReadHtmlCache Behavior ::run [ RunTime:0.000975s ]
INFO: [ app_begin ] --END-- [ RunTime:0.001054s ]
SQL: SHOW COLUMNS FROM `web_user` [ RunTime:0.007164s ]
SQL: SELECT * FROM `web_user` WHERE ( `username` = 'admin' ) AND ( `status` = 0 ) LIMIT 1   [ RunTime:0.000555s ]
NOTIC: [8] Undefined index: account E:\www\web\admin\Lib\Action\PublicAction.class.php 第 53 行.
SQL: UPDATE `web_user` SET `last_login_time`=1378731457,`login_count`=login_count+1,`last_login_ip`='127.0.0.1' WHERE ( `id` = 1 ) [ RunTime:0.000612s ]
NOTIC: [2] json_encode(): Invalid UTF-8 sequence in argument E:\www\web\ThinkPHP\Lib\Core\Action.class.php 第 322 行.

[ 2013-09-09T20:57:38+08:00 ] 127.0.0.1 /web/admin.php/Public/checkLogin/
INFO: [ app_begin ] --START--
INFO: ReadHtmlCache Behavior ::run [ RunTime:0.000780s ]
INFO: [ app_begin ] --END-- [ RunTime:0.000839s ]
NOTIC: [2] json_encode(): Invalid UTF-8 sequence in argument E:\www\web\ThinkPHP\Lib\Core\Action.class.php 第 322 行.

[ 2013-09-09T20:57:38+08:00 ] 127.0.0.1 /web/admin.php/Public/checkLogin/
INFO: [ app_begin ] --START--
INFO: ReadHtmlCache Behavior ::run [ RunTime:0.000888s ]
INFO: [ app_begin ] --END-- [ RunTime:0.000957s ]
NOTIC: [2] json_encode(): Invalid UTF-8 sequence in argument E:\www\web\ThinkPHP\Lib\Core\Action.class.php 第 322 行.

[ 2013-09-09T20:57:39+08:00 ] 127.0.0.1 /web/admin.php/Public/checkLogin/
INFO: [ app_begin ] --START--
INFO: ReadHtmlCache Behavior ::run [ RunTime:0.000864s ]
INFO: [ app_begin ] --END-- [ RunTime:0.000932s ]
NOTIC: [2] json_encode(): Invalid UTF-8 sequence in argument E:\www\web\ThinkPHP\Lib\Core\Action.class.php 第 322 行.

[ 2013-09-09T20:57:39+08:00 ] 127.0.0.1 /web/admin.php/Public/checkLogin/
INFO: [ app_begin ] --START--
INFO: ReadHtmlCache Behavior ::run [ RunTime:0.000787s ]
INFO: [ app_begin ] --END-- [ RunTime:0.000848s ]
NOTIC: [2] json_encode(): Invalid UTF-8 sequence in argument E:\www\web\ThinkPHP\Lib\Core\Action.class.php 第 322 行.

[ 2013-09-09T20:57:39+08:00 ] 127.0.0.1 /web/admin.php/Public/checkLogin/
INFO: [ app_begin ] --START--
INFO: ReadHtmlCache Behavior ::run [ RunTime:0.001153s ]
INFO: [ app_begin ] --END-- [ RunTime:0.001240s ]
NOTIC: [2] json_encode(): Invalid UTF-8 sequence in argument E:\www\web\ThinkPHP\Lib\Core\Action.class.php 第 322 行.

[ 2013-09-09T20:57:39+08:00 ] 127.0.0.1 /web/admin.php/Public/checkLogin/
INFO: [ app_begin ] --START--
INFO: ReadHtmlCache Behavior ::run [ RunTime:0.000849s ]
INFO: [ app_begin ] --END-- [ RunTime:0.000916s ]
NOTIC: [2] json_encode(): Invalid UTF-8 sequence in argument E:\www\web\ThinkPHP\Lib\Core\Action.class.php 第 322 行.

[ 2013-09-09T20:58:22+08:00 ] 127.0.0.1 /web/admin.php/Public/checkLogin/
INFO: [ app_begin ] --START--
INFO: ReadHtmlCache Behavior ::run [ RunTime:0.000838s ]
INFO: [ app_begin ] --END-- [ RunTime:0.000903s ]
NOTIC: [2] json_encode(): Invalid UTF-8 sequence in argument E:\www\web\ThinkPHP\Lib\Core\Action.class.php 第 322 行.

[ 2013-09-09T20:58:27+08:00 ] 127.0.0.1 /web/admin.php/Public/checkLogin/
INFO: [ app_begin ] --START--
INFO: ReadHtmlCache Behavior ::run [ RunTime:0.001396s ]
INFO: [ app_begin ] --END-- [ RunTime:0.001500s ]
SQL: SHOW COLUMNS FROM `web_user` [ RunTime:0.012934s ]
SQL: SELECT * FROM `web_user` WHERE ( `username` = 'admin' ) AND ( `status` = 0 ) LIMIT 1   [ RunTime:0.001171s ]
NOTIC: [8] Undefined index: account E:\www\web\admin\Lib\Action\PublicAction.class.php 第 53 行.
SQL: UPDATE `web_user` SET `last_login_time`=1378731507,`login_count`=login_count+1,`last_login_ip`='127.0.0.1' WHERE ( `id` = 1 ) [ RunTime:0.000580s ]
NOTIC: [2] json_encode(): Invalid UTF-8 sequence in argument E:\www\web\ThinkPHP\Lib\Core\Action.class.php 第 322 行.

[ 2013-09-09T20:58:33+08:00 ] 127.0.0.1 /web/admin.php/Public/checkLogin/
INFO: [ app_begin ] --START--
INFO: ReadHtmlCache Behavior ::run [ RunTime:0.000779s ]
INFO: [ app_begin ] --END-- [ RunTime:0.000839s ]
SQL: SHOW COLUMNS FROM `web_user` [ RunTime:0.008091s ]
SQL: SELECT * FROM `web_user` WHERE ( `username` = 'admin' ) AND ( `status` = 0 ) LIMIT 1   [ RunTime:0.001656s ]
NOTIC: [8] Undefined index: account E:\www\web\admin\Lib\Action\PublicAction.class.php 第 53 行.
SQL: UPDATE `web_user` SET `last_login_time`=1378731513,`login_count`=login_count+1,`last_login_ip`='127.0.0.1' WHERE ( `id` = 1 ) [ RunTime:0.000685s ]
NOTIC: [2] json_encode(): Invalid UTF-8 sequence in argument E:\www\web\ThinkPHP\Lib\Core\Action.class.php 第 322 行.

[ 2013-09-09T20:58:35+08:00 ] 127.0.0.1 /web/admin.php/Public/checkLogin/
INFO: [ app_begin ] --START--
INFO: ReadHtmlCache Behavior ::run [ RunTime:0.000977s ]
INFO: [ app_begin ] --END-- [ RunTime:0.001058s ]
SQL: SHOW COLUMNS FROM `web_user` [ RunTime:0.007641s ]
SQL: SELECT * FROM `web_user` WHERE ( `username` = 'admin' ) AND ( `status` = 0 ) LIMIT 1   [ RunTime:0.000645s ]
NOTIC: [8] Undefined index: account E:\www\web\admin\Lib\Action\PublicAction.class.php 第 53 行.
SQL: UPDATE `web_user` SET `last_login_time`=1378731515,`login_count`=login_count+1,`last_login_ip`='127.0.0.1' WHERE ( `id` = 1 ) [ RunTime:0.000362s ]
NOTIC: [2] json_encode(): Invalid UTF-8 sequence in argument E:\www\web\ThinkPHP\Lib\Core\Action.class.php 第 322 行.

[ 2013-09-09T20:58:36+08:00 ] 127.0.0.1 /web/admin.php/Public/checkLogin/
INFO: [ app_begin ] --START--
INFO: ReadHtmlCache Behavior ::run [ RunTime:0.000810s ]
INFO: [ app_begin ] --END-- [ RunTime:0.000873s ]
SQL: SHOW COLUMNS FROM `web_user` [ RunTime:0.013350s ]
SQL: SELECT * FROM `web_user` WHERE ( `username` = 'admin' ) AND ( `status` = 0 ) LIMIT 1   [ RunTime:0.000703s ]
NOTIC: [8] Undefined index: account E:\www\web\admin\Lib\Action\PublicAction.class.php 第 53 行.
SQL: UPDATE `web_user` SET `last_login_time`=1378731516,`login_count`=login_count+1,`last_login_ip`='127.0.0.1' WHERE ( `id` = 1 ) [ RunTime:0.000457s ]
NOTIC: [2] json_encode(): Invalid UTF-8 sequence in argument E:\www\web\ThinkPHP\Lib\Core\Action.class.php 第 322 行.

[ 2013-09-09T20:58:40+08:00 ] 127.0.0.1 /web/admin.php/Public/checkLogin/
INFO: [ app_begin ] --START--
INFO: ReadHtmlCache Behavior ::run [ RunTime:0.000774s ]
INFO: [ app_begin ] --END-- [ RunTime:0.000834s ]
SQL: SHOW COLUMNS FROM `web_user` [ RunTime:0.012788s ]
SQL: SELECT * FROM `web_user` WHERE ( `username` = 'admin' ) AND ( `status` = 0 ) LIMIT 1   [ RunTime:0.000873s ]
NOTIC: [8] Undefined index: account E:\www\web\admin\Lib\Action\PublicAction.class.php 第 53 行.
SQL: UPDATE `web_user` SET `last_login_time`=1378731520,`login_count`=login_count+1,`last_login_ip`='127.0.0.1' WHERE ( `id` = 1 ) [ RunTime:0.000620s ]
NOTIC: [2] json_encode(): Invalid UTF-8 sequence in argument E:\www\web\ThinkPHP\Lib\Core\Action.class.php 第 322 行.

[ 2013-09-09T20:58:41+08:00 ] 127.0.0.1 /web/admin.php/Public/checkLogin/
INFO: [ app_begin ] --START--
INFO: ReadHtmlCache Behavior ::run [ RunTime:0.000861s ]
INFO: [ app_begin ] --END-- [ RunTime:0.000925s ]
SQL: SHOW COLUMNS FROM `web_user` [ RunTime:0.006905s ]
SQL: SELECT * FROM `web_user` WHERE ( `username` = 'admin' ) AND ( `status` = 0 ) LIMIT 1   [ RunTime:0.000542s ]
NOTIC: [8] Undefined index: account E:\www\web\admin\Lib\Action\PublicAction.class.php 第 53 行.
SQL: UPDATE `web_user` SET `last_login_time`=1378731521,`login_count`=login_count+1,`last_login_ip`='127.0.0.1' WHERE ( `id` = 1 ) [ RunTime:0.000371s ]
NOTIC: [2] json_encode(): Invalid UTF-8 sequence in argument E:\www\web\ThinkPHP\Lib\Core\Action.class.php 第 322 行.

[ 2013-09-09T20:58:42+08:00 ] 127.0.0.1 /web/admin.php/Public/checkLogin/
INFO: [ app_begin ] --START--
INFO: ReadHtmlCache Behavior ::run [ RunTime:0.001017s ]
INFO: [ app_begin ] --END-- [ RunTime:0.001098s ]
SQL: SHOW COLUMNS FROM `web_user` [ RunTime:0.006983s ]
SQL: SELECT * FROM `web_user` WHERE ( `username` = 'admin' ) AND ( `status` = 0 ) LIMIT 1   [ RunTime:0.000463s ]
NOTIC: [8] Undefined index: account E:\www\web\admin\Lib\Action\PublicAction.class.php 第 53 行.
SQL: UPDATE `web_user` SET `last_login_time`=1378731522,`login_count`=login_count+1,`last_login_ip`='127.0.0.1' WHERE ( `id` = 1 ) [ RunTime:0.000341s ]
NOTIC: [2] json_encode(): Invalid UTF-8 sequence in argument E:\www\web\ThinkPHP\Lib\Core\Action.class.php 第 322 行.

[ 2013-09-09T20:58:43+08:00 ] 127.0.0.1 /web/admin.php/Public/checkLogin/
INFO: [ app_begin ] --START--
INFO: ReadHtmlCache Behavior ::run [ RunTime:0.000807s ]
INFO: [ app_begin ] --END-- [ RunTime:0.000869s ]
SQL: SHOW COLUMNS FROM `web_user` [ RunTime:0.007065s ]
SQL: SELECT * FROM `web_user` WHERE ( `username` = 'admin' ) AND ( `status` = 0 ) LIMIT 1   [ RunTime:0.000418s ]
NOTIC: [8] Undefined index: account E:\www\web\admin\Lib\Action\PublicAction.class.php 第 53 行.
SQL: UPDATE `web_user` SET `last_login_time`=1378731523,`login_count`=login_count+1,`last_login_ip`='127.0.0.1' WHERE ( `id` = 1 ) [ RunTime:0.000293s ]
NOTIC: [2] json_encode(): Invalid UTF-8 sequence in argument E:\www\web\ThinkPHP\Lib\Core\Action.class.php 第 322 行.

[ 2013-09-09T20:58:46+08:00 ] 127.0.0.1 /web/admin.php/Public/checkLogin/
INFO: [ app_begin ] --START--
INFO: ReadHtmlCache Behavior ::run [ RunTime:0.000749s ]
INFO: [ app_begin ] --END-- [ RunTime:0.000808s ]
SQL: SHOW COLUMNS FROM `web_user` [ RunTime:0.012279s ]
SQL: SELECT * FROM `web_user` WHERE ( `username` = 'admin' ) AND ( `status` = 0 ) LIMIT 1   [ RunTime:0.001151s ]
NOTIC: [8] Undefined index: account E:\www\web\admin\Lib\Action\PublicAction.class.php 第 53 行.
SQL: UPDATE `web_user` SET `last_login_time`=1378731526,`login_count`=login_count+1,`last_login_ip`='127.0.0.1' WHERE ( `id` = 1 ) [ RunTime:0.000665s ]
NOTIC: [2] json_encode(): Invalid UTF-8 sequence in argument E:\www\web\ThinkPHP\Lib\Core\Action.class.php 第 322 行.

[ 2013-09-09T20:58:51+08:00 ] 127.0.0.1 /web/admin.php/Public/checkLogin/
INFO: [ app_begin ] --START--
INFO: ReadHtmlCache Behavior ::run [ RunTime:0.000972s ]
INFO: [ app_begin ] --END-- [ RunTime:0.001092s ]
SQL: SHOW COLUMNS FROM `web_user` [ RunTime:0.009641s ]
SQL: SELECT * FROM `web_user` WHERE ( `username` = 'admin' ) AND ( `status` = 0 ) LIMIT 1   [ RunTime:0.000530s ]
NOTIC: [8] Undefined index: account E:\www\web\admin\Lib\Action\PublicAction.class.php 第 53 行.
SQL: UPDATE `web_user` SET `last_login_time`=1378731531,`login_count`=login_count+1,`last_login_ip`='127.0.0.1' WHERE ( `id` = 1 ) [ RunTime:0.000534s ]
NOTIC: [2] json_encode(): Invalid UTF-8 sequence in argument E:\www\web\ThinkPHP\Lib\Core\Action.class.php 第 322 行.

[ 2013-09-09T20:58:55+08:00 ] 127.0.0.1 /web/admin.php/Public/checkLogin/
INFO: [ app_begin ] --START--
INFO: ReadHtmlCache Behavior ::run [ RunTime:0.000785s ]
INFO: [ app_begin ] --END-- [ RunTime:0.000844s ]
SQL: SHOW COLUMNS FROM `web_user` [ RunTime:0.008713s ]
SQL: SELECT * FROM `web_user` WHERE ( `username` = 'admin' ) AND ( `status` = 0 ) LIMIT 1   [ RunTime:0.000652s ]
NOTIC: [8] Undefined index: account E:\www\web\admin\Lib\Action\PublicAction.class.php 第 53 行.
SQL: UPDATE `web_user` SET `last_login_time`=1378731535,`login_count`=login_count+1,`last_login_ip`='127.0.0.1' WHERE ( `id` = 1 ) [ RunTime:0.000393s ]
NOTIC: [2] json_encode(): Invalid UTF-8 sequence in argument E:\www\web\ThinkPHP\Lib\Core\Action.class.php 第 322 行.

[ 2013-09-09T20:58:56+08:00 ] 127.0.0.1 /web/admin.php/Public/checkLogin/
INFO: [ app_begin ] --START--
INFO: ReadHtmlCache Behavior ::run [ RunTime:0.000936s ]
INFO: [ app_begin ] --END-- [ RunTime:0.001079s ]
SQL: SHOW COLUMNS FROM `web_user` [ RunTime:0.008660s ]
SQL: SELECT * FROM `web_user` WHERE ( `username` = 'admin' ) AND ( `status` = 0 ) LIMIT 1   [ RunTime:0.000573s ]
NOTIC: [8] Undefined index: account E:\www\web\admin\Lib\Action\PublicAction.class.php 第 53 行.
SQL: UPDATE `web_user` SET `last_login_time`=1378731536,`login_count`=login_count+1,`last_login_ip`='127.0.0.1' WHERE ( `id` = 1 ) [ RunTime:0.000365s ]
NOTIC: [2] json_encode(): Invalid UTF-8 sequence in argument E:\www\web\ThinkPHP\Lib\Core\Action.class.php 第 322 行.

[ 2013-09-09T20:58:57+08:00 ] 127.0.0.1 /web/admin.php/Public/checkLogin/
INFO: [ app_begin ] --START--
INFO: ReadHtmlCache Behavior ::run [ RunTime:0.000808s ]
INFO: [ app_begin ] --END-- [ RunTime:0.000870s ]
SQL: SHOW COLUMNS FROM `web_user` [ RunTime:0.006840s ]
SQL: SELECT * FROM `web_user` WHERE ( `username` = 'admin' ) AND ( `status` = 0 ) LIMIT 1   [ RunTime:0.000507s ]
NOTIC: [8] Undefined index: account E:\www\web\admin\Lib\Action\PublicAction.class.php 第 53 行.
SQL: UPDATE `web_user` SET `last_login_time`=1378731537,`login_count`=login_count+1,`last_login_ip`='127.0.0.1' WHERE ( `id` = 1 ) [ RunTime:0.008795s ]
NOTIC: [2] json_encode(): Invalid UTF-8 sequence in argument E:\www\web\ThinkPHP\Lib\Core\Action.class.php 第 322 行.

[ 2013-09-09T20:58:58+08:00 ] 127.0.0.1 /web/admin.php/Public/checkLogin/
INFO: [ app_begin ] --START--
INFO: ReadHtmlCache Behavior ::run [ RunTime:0.000882s ]
INFO: [ app_begin ] --END-- [ RunTime:0.000950s ]
SQL: SHOW COLUMNS FROM `web_user` [ RunTime:0.007568s ]
SQL: SELECT * FROM `web_user` WHERE ( `username` = 'admin' ) AND ( `status` = 0 ) LIMIT 1   [ RunTime:0.000598s ]
NOTIC: [8] Undefined index: account E:\www\web\admin\Lib\Action\PublicAction.class.php 第 53 行.
SQL: UPDATE `web_user` SET `last_login_time`=1378731538,`login_count`=login_count+1,`last_login_ip`='127.0.0.1' WHERE ( `id` = 1 ) [ RunTime:0.000380s ]
NOTIC: [2] json_encode(): Invalid UTF-8 sequence in argument E:\www\web\ThinkPHP\Lib\Core\Action.class.php 第 322 行.

[ 2013-09-09T20:58:59+08:00 ] 127.0.0.1 /web/admin.php/Public/checkLogin/
INFO: [ app_begin ] --START--
INFO: ReadHtmlCache Behavior ::run [ RunTime:0.000794s ]
INFO: [ app_begin ] --END-- [ RunTime:0.000857s ]
SQL: SHOW COLUMNS FROM `web_user` [ RunTime:0.007741s ]
SQL: SELECT * FROM `web_user` WHERE ( `username` = 'admin' ) AND ( `status` = 0 ) LIMIT 1   [ RunTime:0.000564s ]
NOTIC: [8] Undefined index: account E:\www\web\admin\Lib\Action\PublicAction.class.php 第 53 行.
SQL: UPDATE `web_user` SET `last_login_time`=1378731539,`login_count`=login_count+1,`last_login_ip`='127.0.0.1' WHERE ( `id` = 1 ) [ RunTime:0.002361s ]
NOTIC: [2] json_encode(): Invalid UTF-8 sequence in argument E:\www\web\ThinkPHP\Lib\Core\Action.class.php 第 322 行.

[ 2013-09-09T20:59:00+08:00 ] 127.0.0.1 /web/admin.php/Public/checkLogin/
INFO: [ app_begin ] --START--
INFO: ReadHtmlCache Behavior ::run [ RunTime:0.001007s ]
INFO: [ app_begin ] --END-- [ RunTime:0.001088s ]
SQL: SHOW COLUMNS FROM `web_user` [ RunTime:0.015229s ]
SQL: SELECT * FROM `web_user` WHERE ( `username` = 'admin' ) AND ( `status` = 0 ) LIMIT 1   [ RunTime:0.001525s ]
NOTIC: [8] Undefined index: account E:\www\web\admin\Lib\Action\PublicAction.class.php 第 53 行.
SQL: UPDATE `web_user` SET `last_login_time`=1378731540,`login_count`=login_count+1,`last_login_ip`='127.0.0.1' WHERE ( `id` = 1 ) [ RunTime:0.001547s ]
NOTIC: [2] json_encode(): Invalid UTF-8 sequence in argument E:\www\web\ThinkPHP\Lib\Core\Action.class.php 第 322 行.

[ 2013-09-09T20:59:01+08:00 ] 127.0.0.1 /web/admin.php/Public/checkLogin/
INFO: [ app_begin ] --START--
INFO: ReadHtmlCache Behavior ::run [ RunTime:0.000913s ]
INFO: [ app_begin ] --END-- [ RunTime:0.000990s ]
SQL: SHOW COLUMNS FROM `web_user` [ RunTime:0.011193s ]
SQL: SELECT * FROM `web_user` WHERE ( `username` = 'admin' ) AND ( `status` = 0 ) LIMIT 1   [ RunTime:0.000544s ]
NOTIC: [8] Undefined index: account E:\www\web\admin\Lib\Action\PublicAction.class.php 第 53 行.
SQL: UPDATE `web_user` SET `last_login_time`=1378731541,`login_count`=login_count+1,`last_login_ip`='127.0.0.1' WHERE ( `id` = 1 ) [ RunTime:0.000356s ]
NOTIC: [2] json_encode(): Invalid UTF-8 sequence in argument E:\www\web\ThinkPHP\Lib\Core\Action.class.php 第 322 行.

[ 2013-09-09T20:59:02+08:00 ] 127.0.0.1 /web/admin.php/Public/checkLogin/
INFO: [ app_begin ] --START--
INFO: ReadHtmlCache Behavior ::run [ RunTime:0.000941s ]
INFO: [ app_begin ] --END-- [ RunTime:0.001022s ]
SQL: SHOW COLUMNS FROM `web_user` [ RunTime:0.008329s ]
SQL: SELECT * FROM `web_user` WHERE ( `username` = 'admin' ) AND ( `status` = 0 ) LIMIT 1   [ RunTime:0.001089s ]
NOTIC: [8] Undefined index: account E:\www\web\admin\Lib\Action\PublicAction.class.php 第 53 行.
SQL: UPDATE `web_user` SET `last_login_time`=1378731542,`login_count`=login_count+1,`last_login_ip`='127.0.0.1' WHERE ( `id` = 1 ) [ RunTime:0.000577s ]
NOTIC: [2] json_encode(): Invalid UTF-8 sequence in argument E:\www\web\ThinkPHP\Lib\Core\Action.class.php 第 322 行.

[ 2013-09-09T20:59:03+08:00 ] 127.0.0.1 /web/admin.php/Public/checkLogin/
INFO: [ app_begin ] --START--
INFO: ReadHtmlCache Behavior ::run [ RunTime:0.001036s ]
INFO: [ app_begin ] --END-- [ RunTime:0.001114s ]
SQL: SHOW COLUMNS FROM `web_user` [ RunTime:0.007228s ]
SQL: SELECT * FROM `web_user` WHERE ( `username` = 'admin' ) AND ( `status` = 0 ) LIMIT 1   [ RunTime:0.000540s ]
NOTIC: [8] Undefined index: account E:\www\web\admin\Lib\Action\PublicAction.class.php 第 53 行.
SQL: UPDATE `web_user` SET `last_login_time`=1378731543,`login_count`=login_count+1,`last_login_ip`='127.0.0.1' WHERE ( `id` = 1 ) [ RunTime:0.000965s ]
NOTIC: [2] json_encode(): Invalid UTF-8 sequence in argument E:\www\web\ThinkPHP\Lib\Core\Action.class.php 第 322 行.

[ 2013-09-09T20:59:04+08:00 ] 127.0.0.1 /web/admin.php/Public/checkLogin/
INFO: [ app_begin ] --START--
INFO: ReadHtmlCache Behavior ::run [ RunTime:0.000853s ]
INFO: [ app_begin ] --END-- [ RunTime:0.000920s ]
SQL: SHOW COLUMNS FROM `web_user` [ RunTime:0.008621s ]
SQL: SELECT * FROM `web_user` WHERE ( `username` = 'admin' ) AND ( `status` = 0 ) LIMIT 1   [ RunTime:0.000571s ]
NOTIC: [8] Undefined index: account E:\www\web\admin\Lib\Action\PublicAction.class.php 第 53 行.
SQL: UPDATE `web_user` SET `last_login_time`=1378731544,`login_count`=login_count+1,`last_login_ip`='127.0.0.1' WHERE ( `id` = 1 ) [ RunTime:0.000402s ]
NOTIC: [2] json_encode(): Invalid UTF-8 sequence in argument E:\www\web\ThinkPHP\Lib\Core\Action.class.php 第 322 行.

[ 2013-09-09T20:59:05+08:00 ] 127.0.0.1 /web/admin.php/Public/checkLogin/
INFO: [ app_begin ] --START--
INFO: ReadHtmlCache Behavior ::run [ RunTime:0.000908s ]
INFO: [ app_begin ] --END-- [ RunTime:0.000979s ]
SQL: SHOW COLUMNS FROM `web_user` [ RunTime:0.006877s ]
SQL: SELECT * FROM `web_user` WHERE ( `username` = 'admin' ) AND ( `status` = 0 ) LIMIT 1   [ RunTime:0.000464s ]
NOTIC: [8] Undefined index: account E:\www\web\admin\Lib\Action\PublicAction.class.php 第 53 行.
SQL: UPDATE `web_user` SET `last_login_time`=1378731545,`login_count`=login_count+1,`last_login_ip`='127.0.0.1' WHERE ( `id` = 1 ) [ RunTime:0.000495s ]
NOTIC: [2] json_encode(): Invalid UTF-8 sequence in argument E:\www\web\ThinkPHP\Lib\Core\Action.class.php 第 322 行.

[ 2013-09-09T21:00:14+08:00 ] 127.0.0.1 /web/admin.php/Public/verify/
ERR: 非法操作:verify

[ 2013-09-09T21:00:20+08:00 ] 127.0.0.1 /web/admin.php/Public/checkLogin/
INFO: [ app_begin ] --START--
INFO: ReadHtmlCache Behavior ::run [ RunTime:0.001737s ]
INFO: [ app_begin ] --END-- [ RunTime:0.001980s ]
NOTIC: [2] json_encode(): Invalid UTF-8 sequence in argument E:\www\web\ThinkPHP\Lib\Core\Action.class.php 第 322 行.

[ 2013-09-09T21:00:27+08:00 ] 127.0.0.1 /web/admin.php/Public/checkLogin/
INFO: [ app_begin ] --START--
INFO: ReadHtmlCache Behavior ::run [ RunTime:0.000994s ]
INFO: [ app_begin ] --END-- [ RunTime:0.001100s ]
NOTIC: [2] json_encode(): Invalid UTF-8 sequence in argument E:\www\web\ThinkPHP\Lib\Core\Action.class.php 第 322 行.

[ 2013-09-09T21:00:37+08:00 ] 127.0.0.1 /web/admin.php/Public/checkLogin/
INFO: [ app_begin ] --START--
INFO: ReadHtmlCache Behavior ::run [ RunTime:0.001007s ]
INFO: [ app_begin ] --END-- [ RunTime:0.001083s ]
NOTIC: [2] json_encode(): Invalid UTF-8 sequence in argument E:\www\web\ThinkPHP\Lib\Core\Action.class.php 第 322 行.

[ 2013-09-09T21:01:29+08:00 ] 127.0.0.1 /web/admin.php/Public/verify/
ERR: 非法操作:verify

[ 2013-09-09T21:01:32+08:00 ] 127.0.0.1 /web/admin.php/Public/checkLogin/
INFO: [ app_begin ] --START--
INFO: ReadHtmlCache Behavior ::run [ RunTime:0.001133s ]
INFO: [ app_begin ] --END-- [ RunTime:0.001230s ]
NOTIC: [8] Undefined index: userName E:\www\web\admin\Lib\Action\PublicAction.class.php 第 26 行.
INFO: [ view_parse ] --START--
INFO: ParseTemplate Behavior ::run [ RunTime:0.012739s ]
INFO: [ view_parse ] --END-- [ RunTime:0.012842s ]
INFO: [ view_filter ] --START--
INFO: ContentReplace Behavior ::run [ RunTime:0.001246s ]
INFO: TokenBuild Behavior ::run [ RunTime:0.002163s ]
INFO: WriteHtmlCache Behavior ::run [ RunTime:0.001758s ]
INFO: ShowRuntime Behavior ::run [ RunTime:0.002175s ]
INFO: [ view_filter ] --END-- [ RunTime:0.007755s ]
INFO: [ view_end ] --START--
INFO: ShowPageTrace Behavior ::run [ RunTime:0.004586s ]
INFO: [ view_end ] --END-- [ RunTime:0.004670s ]

[ 2013-09-09T21:01:37+08:00 ] 127.0.0.1 /web/admin.php/Public/checkLogin/
INFO: [ app_begin ] --START--
INFO: ReadHtmlCache Behavior ::run [ RunTime:0.000957s ]
INFO: [ app_begin ] --END-- [ RunTime:0.001033s ]
NOTIC: [8] Undefined index: userName E:\www\web\admin\Lib\Action\PublicAction.class.php 第 26 行.
INFO: [ view_parse ] --START--
INFO: ParseTemplate Behavior ::run [ RunTime:0.011237s ]
INFO: [ view_parse ] --END-- [ RunTime:0.011338s ]
INFO: [ view_filter ] --START--
INFO: ContentReplace Behavior ::run [ RunTime:0.001445s ]
INFO: TokenBuild Behavior ::run [ RunTime:0.001311s ]
INFO: WriteHtmlCache Behavior ::run [ RunTime:0.000674s ]
INFO: ShowRuntime Behavior ::run [ RunTime:0.000892s ]
INFO: [ view_filter ] --END-- [ RunTime:0.004585s ]
INFO: [ view_end ] --START--
INFO: ShowPageTrace Behavior ::run [ RunTime:0.001302s ]
INFO: [ view_end ] --END-- [ RunTime:0.001376s ]

[ 2013-09-09T21:02:33+08:00 ] 127.0.0.1 /web/admin.php/Public/verify/
ERR: 非法操作:verify

[ 2013-09-09T21:02:33+08:00 ] 127.0.0.1 /web/admin.php/Public/verify/
ERR: 非法操作:verify

[ 2013-09-09T21:02:52+08:00 ] 127.0.0.1 /web/admin.php/Public/checkLogin/
INFO: [ app_begin ] --START--
INFO: ReadHtmlCache Behavior ::run [ RunTime:0.000986s ]
INFO: [ app_begin ] --END-- [ RunTime:0.001071s ]
NOTIC: [8] Undefined index: userName E:\www\web\admin\Lib\Action\PublicAction.class.php 第 26 行.
INFO: [ view_parse ] --START--
INFO: ParseTemplate Behavior ::run [ RunTime:0.019813s ]
INFO: [ view_parse ] --END-- [ RunTime:0.019910s ]
INFO: [ view_filter ] --START--
INFO: ContentReplace Behavior ::run [ RunTime:0.000962s ]
INFO: TokenBuild Behavior ::run [ RunTime:0.000957s ]
INFO: WriteHtmlCache Behavior ::run [ RunTime:0.001024s ]
INFO: ShowRuntime Behavior ::run [ RunTime:0.001162s ]
INFO: [ view_filter ] --END-- [ RunTime:0.004338s ]
INFO: [ view_end ] --START--
INFO: ShowPageTrace Behavior ::run [ RunTime:0.001672s ]
INFO: [ view_end ] --END-- [ RunTime:0.001748s ]

[ 2013-09-09T21:03:59+08:00 ] 127.0.0.1 /web/admin.php/Public/verify/
ERR: 非法操作:verify

[ 2013-09-09T21:03:59+08:00 ] 127.0.0.1 /web/admin.php/Public/verify/
ERR: 非法操作:verify

[ 2013-09-09T21:04:01+08:00 ] 127.0.0.1 /web/admin.php/Public/checkLogin/
INFO: [ app_begin ] --START--
INFO: ReadHtmlCache Behavior ::run [ RunTime:0.000977s ]
INFO: [ app_begin ] --END-- [ RunTime:0.001055s ]
NOTIC: [8] Undefined index: userName E:\www\web\admin\Lib\Action\PublicAction.class.php 第 26 行.
INFO: [ view_parse ] --START--
INFO: ParseTemplate Behavior ::run [ RunTime:0.011559s ]
INFO: [ view_parse ] --END-- [ RunTime:0.011654s ]
INFO: [ view_filter ] --START--
INFO: ContentReplace Behavior ::run [ RunTime:0.000766s ]
INFO: TokenBuild Behavior ::run [ RunTime:0.000780s ]
INFO: WriteHtmlCache Behavior ::run [ RunTime:0.001083s ]
INFO: ShowRuntime Behavior ::run [ RunTime:0.001083s ]
INFO: [ view_filter ] --END-- [ RunTime:0.003934s ]
INFO: [ view_end ] --START--
INFO: ShowPageTrace Behavior ::run [ RunTime:0.000926s ]
INFO: [ view_end ] --END-- [ RunTime:0.000983s ]

[ 2013-09-09T21:04:41+08:00 ] 127.0.0.1 /web/admin.php/Public/verify/
ERR: 非法操作:verify

[ 2013-09-09T21:04:41+08:00 ] 127.0.0.1 /web/admin.php/Public/verify/
ERR: 非法操作:verify

[ 2013-09-09T21:04:45+08:00 ] 127.0.0.1 /web/admin.php/Public/checkLogin/
INFO: [ app_begin ] --START--
INFO: ReadHtmlCache Behavior ::run [ RunTime:0.001179s ]
INFO: [ app_begin ] --END-- [ RunTime:0.001285s ]
INFO: [ view_parse ] --START--
INFO: ParseTemplate Behavior ::run [ RunTime:0.017228s ]
INFO: [ view_parse ] --END-- [ RunTime:0.017342s ]
INFO: [ view_filter ] --START--
INFO: ContentReplace Behavior ::run [ RunTime:0.001489s ]
INFO: TokenBuild Behavior ::run [ RunTime:0.000711s ]
INFO: WriteHtmlCache Behavior ::run [ RunTime:0.000544s ]
INFO: ShowRuntime Behavior ::run [ RunTime:0.000754s ]
INFO: [ view_filter ] --END-- [ RunTime:0.003727s ]
INFO: [ view_end ] --START--
INFO: ShowPageTrace Behavior ::run [ RunTime:0.001143s ]
INFO: [ view_end ] --END-- [ RunTime:0.001208s ]

[ 2013-09-09T21:07:37+08:00 ] 127.0.0.1 /web/admin.php/Public/verify/
ERR: 非法操作:verify

[ 2013-09-09T21:07:37+08:00 ] 127.0.0.1 /web/admin.php/Public/verify/
ERR: 非法操作:verify

[ 2013-09-09T21:07:41+08:00 ] 127.0.0.1 /web/admin.php/Public/checkLogin/
INFO: [ app_begin ] --START--
INFO: ReadHtmlCache Behavior ::run [ RunTime:0.000813s ]
INFO: [ app_begin ] --END-- [ RunTime:0.000875s ]
SQL: SHOW COLUMNS FROM `web_user` [ RunTime:0.008682s ]
SQL: SELECT * FROM `web_user` WHERE ( `username` = 'admin' ) AND ( `status` = 0 ) LIMIT 1   [ RunTime:0.000837s ]
NOTIC: [8] Undefined index: account E:\www\web\admin\Lib\Action\PublicAction.class.php 第 53 行.
SQL: UPDATE `web_user` SET `last_login_time`=1378732061,`login_count`=login_count+1,`last_login_ip`='127.0.0.1' WHERE ( `id` = 1 ) [ RunTime:0.000550s ]
NOTIC: [2] json_encode(): Invalid UTF-8 sequence in argument E:\www\web\ThinkPHP\Lib\Core\Action.class.php 第 322 行.

[ 2013-09-09T21:09:16+08:00 ] 127.0.0.1 /web/admin.php/Public/verify/
ERR: 非法操作:verify

[ 2013-09-09T21:09:16+08:00 ] 127.0.0.1 /web/admin.php/Public/verify/
ERR: 非法操作:verify

[ 2013-09-09T21:09:18+08:00 ] 127.0.0.1 /web/admin.php/Public/checkLogin/
INFO: [ app_begin ] --START--
INFO: ReadHtmlCache Behavior ::run [ RunTime:0.000909s ]
INFO: [ app_begin ] --END-- [ RunTime:0.000993s ]
SQL: SHOW COLUMNS FROM `web_user` [ RunTime:0.006845s ]
SQL: SELECT * FROM `web_user` WHERE ( `username` = 'admin' ) AND ( `status` = 0 ) LIMIT 1   [ RunTime:0.000657s ]
NOTIC: [8] Undefined index: account E:\www\web\admin\Lib\Action\PublicAction.class.php 第 53 行.
SQL: UPDATE `web_user` SET `last_login_time`=1378732158,`login_count`=login_count+1,`last_login_ip`='127.0.0.1' WHERE ( `id` = 1 ) [ RunTime:0.000947s ]
NOTIC: [2] json_encode(): Invalid UTF-8 sequence in argument E:\www\web\ThinkPHP\Lib\Core\Action.class.php 第 322 行.

[ 2013-09-09T21:10:50+08:00 ] 127.0.0.1 /web/admin.php/Public/checkLogin/
INFO: [ app_begin ] --START--
INFO: ReadHtmlCache Behavior ::run [ RunTime:0.000973s ]
INFO: [ app_begin ] --END-- [ RunTime:0.001061s ]
SQL: SHOW COLUMNS FROM `web_user` [ RunTime:0.006940s ]
SQL: SELECT * FROM `web_user` WHERE ( `username` = 'admin' ) AND ( `status` = 0 ) LIMIT 1   [ RunTime:0.000879s ]
NOTIC: [8] Undefined index: account E:\www\web\admin\Lib\Action\PublicAction.class.php 第 53 行.
SQL: UPDATE `web_user` SET `last_login_time`=1378732250,`login_count`=login_count+1,`last_login_ip`='127.0.0.1' WHERE ( `id` = 1 ) [ RunTime:0.000394s ]
NOTIC: [2] json_encode(): Invalid UTF-8 sequence in argument E:\www\web\ThinkPHP\Lib\Core\Action.class.php 第 322 行.

[ 2013-09-09T21:12:33+08:00 ] 127.0.0.1 /web/admin.php/Public/checkLogin/
INFO: [ app_begin ] --START--
INFO: ReadHtmlCache Behavior ::run [ RunTime:0.000794s ]
INFO: [ app_begin ] --END-- [ RunTime:0.000855s ]
SQL: SHOW COLUMNS FROM `web_user` [ RunTime:0.008402s ]
SQL: SELECT * FROM `web_user` WHERE ( `username` = 'admin' ) AND ( `status` = 0 ) LIMIT 1   [ RunTime:0.001130s ]
NOTIC: [8] Undefined index: account E:\www\web\admin\Lib\Action\PublicAction.class.php 第 53 行.
SQL: UPDATE `web_user` SET `last_login_time`=1378732353,`login_count`=login_count+1,`last_login_ip`='127.0.0.1' WHERE ( `id` = 1 ) [ RunTime:0.001205s ]
NOTIC: [2] json_encode(): Invalid UTF-8 sequence in argument E:\www\web\ThinkPHP\Lib\Core\Action.class.php 第 322 行.

[ 2013-09-09T21:12:36+08:00 ] 127.0.0.1 /web/admin.php/Public/checkLogin/
INFO: [ app_begin ] --START--
INFO: ReadHtmlCache Behavior ::run [ RunTime:0.000763s ]
INFO: [ app_begin ] --END-- [ RunTime:0.000821s ]
SQL: SHOW COLUMNS FROM `web_user` [ RunTime:0.007151s ]
SQL: SELECT * FROM `web_user` WHERE ( `username` = 'admin' ) AND ( `status` = 0 ) LIMIT 1   [ RunTime:0.000523s ]
NOTIC: [8] Undefined index: account E:\www\web\admin\Lib\Action\PublicAction.class.php 第 53 行.
SQL: UPDATE `web_user` SET `last_login_time`=1378732356,`login_count`=login_count+1,`last_login_ip`='127.0.0.1' WHERE ( `id` = 1 ) [ RunTime:0.000563s ]
NOTIC: [2] json_encode(): Invalid UTF-8 sequence in argument E:\www\web\ThinkPHP\Lib\Core\Action.class.php 第 322 行.

[ 2013-09-09T21:12:37+08:00 ] 127.0.0.1 /web/admin.php/Public/checkLogin/
INFO: [ app_begin ] --START--
INFO: ReadHtmlCache Behavior ::run [ RunTime:0.000993s ]
INFO: [ app_begin ] --END-- [ RunTime:0.001064s ]
SQL: SHOW COLUMNS FROM `web_user` [ RunTime:0.006777s ]
SQL: SELECT * FROM `web_user` WHERE ( `username` = 'admin' ) AND ( `status` = 0 ) LIMIT 1   [ RunTime:0.000396s ]
NOTIC: [8] Undefined index: account E:\www\web\admin\Lib\Action\PublicAction.class.php 第 53 行.
SQL: UPDATE `web_user` SET `last_login_time`=1378732357,`login_count`=login_count+1,`last_login_ip`='127.0.0.1' WHERE ( `id` = 1 ) [ RunTime:0.000636s ]
NOTIC: [2] json_encode(): Invalid UTF-8 sequence in argument E:\www\web\ThinkPHP\Lib\Core\Action.class.php 第 322 行.

[ 2013-09-09T21:12:38+08:00 ] 127.0.0.1 /web/admin.php/Public/checkLogin/
INFO: [ app_begin ] --START--
INFO: ReadHtmlCache Behavior ::run [ RunTime:0.000779s ]
INFO: [ app_begin ] --END-- [ RunTime:0.000840s ]
SQL: SHOW COLUMNS FROM `web_user` [ RunTime:0.007006s ]
SQL: SELECT * FROM `web_user` WHERE ( `username` = 'admin' ) AND ( `status` = 0 ) LIMIT 1   [ RunTime:0.000554s ]
NOTIC: [8] Undefined index: account E:\www\web\admin\Lib\Action\PublicAction.class.php 第 53 行.
SQL: UPDATE `web_user` SET `last_login_time`=1378732358,`login_count`=login_count+1,`last_login_ip`='127.0.0.1' WHERE ( `id` = 1 ) [ RunTime:0.000609s ]
NOTIC: [2] json_encode(): Invalid UTF-8 sequence in argument E:\www\web\ThinkPHP\Lib\Core\Action.class.php 第 322 行.

[ 2013-09-09T21:12:39+08:00 ] 127.0.0.1 /web/admin.php/Public/checkLogin/
INFO: [ app_begin ] --START--
INFO: ReadHtmlCache Behavior ::run [ RunTime:0.000889s ]
INFO: [ app_begin ] --END-- [ RunTime:0.000951s ]
SQL: SHOW COLUMNS FROM `web_user` [ RunTime:0.010143s ]
SQL: SELECT * FROM `web_user` WHERE ( `username` = 'admin' ) AND ( `status` = 0 ) LIMIT 1   [ RunTime:0.000760s ]
NOTIC: [8] Undefined index: account E:\www\web\admin\Lib\Action\PublicAction.class.php 第 53 行.
SQL: UPDATE `web_user` SET `last_login_time`=1378732359,`login_count`=login_count+1,`last_login_ip`='127.0.0.1' WHERE ( `id` = 1 ) [ RunTime:0.000415s ]
NOTIC: [2] json_encode(): Invalid UTF-8 sequence in argument E:\www\web\ThinkPHP\Lib\Core\Action.class.php 第 322 行.

[ 2013-09-09T21:12:40+08:00 ] 127.0.0.1 /web/admin.php/Public/checkLogin/
INFO: [ app_begin ] --START--
INFO: ReadHtmlCache Behavior ::run [ RunTime:0.000869s ]
INFO: [ app_begin ] --END-- [ RunTime:0.000931s ]
SQL: SHOW COLUMNS FROM `web_user` [ RunTime:0.008191s ]
SQL: SELECT * FROM `web_user` WHERE ( `username` = 'admin' ) AND ( `status` = 0 ) LIMIT 1   [ RunTime:0.000790s ]
NOTIC: [8] Undefined index: account E:\www\web\admin\Lib\Action\PublicAction.class.php 第 53 行.
SQL: UPDATE `web_user` SET `last_login_time`=1378732360,`login_count`=login_count+1,`last_login_ip`='127.0.0.1' WHERE ( `id` = 1 ) [ RunTime:0.000430s ]
NOTIC: [2] json_encode(): Invalid UTF-8 sequence in argument E:\www\web\ThinkPHP\Lib\Core\Action.class.php 第 322 行.

[ 2013-09-09T21:12:44+08:00 ] 127.0.0.1 /web/admin.php/Public/checkLogin/
INFO: [ app_begin ] --START--
INFO: ReadHtmlCache Behavior ::run [ RunTime:0.001236s ]
INFO: [ app_begin ] --END-- [ RunTime:0.001317s ]
SQL: SHOW COLUMNS FROM `web_user` [ RunTime:0.006956s ]
SQL: SELECT * FROM `web_user` WHERE ( `username` = 'admin' ) AND ( `status` = 0 ) LIMIT 1   [ RunTime:0.000918s ]
NOTIC: [8] Undefined index: account E:\www\web\admin\Lib\Action\PublicAction.class.php 第 53 行.
SQL: UPDATE `web_user` SET `last_login_time`=1378732364,`login_count`=login_count+1,`last_login_ip`='127.0.0.1' WHERE ( `id` = 1 ) [ RunTime:0.000352s ]
NOTIC: [2] json_encode(): Invalid UTF-8 sequence in argument E:\www\web\ThinkPHP\Lib\Core\Action.class.php 第 322 行.

[ 2013-09-09T21:13:34+08:00 ] 127.0.0.1 /web/admin.php/Public/checkLogin/
INFO: [ app_begin ] --START--
INFO: ReadHtmlCache Behavior ::run [ RunTime:0.000917s ]
INFO: [ app_begin ] --END-- [ RunTime:0.000981s ]
SQL: SHOW COLUMNS FROM `web_user` [ RunTime:0.012764s ]
SQL: SELECT * FROM `web_user` WHERE ( `username` = 'admin' ) AND ( `status` = 0 ) LIMIT 1   [ RunTime:0.000839s ]
NOTIC: [8] Undefined index: account E:\www\web\admin\Lib\Action\PublicAction.class.php 第 53 行.
SQL: UPDATE `web_user` SET `last_login_time`=1378732414,`login_count`=login_count+1,`last_login_ip`='127.0.0.1' WHERE ( `id` = 1 ) [ RunTime:0.001039s ]
NOTIC: [2] json_encode(): Invalid UTF-8 sequence in argument E:\www\web\ThinkPHP\Lib\Core\Action.class.php 第 322 行.

[ 2013-09-09T21:13:36+08:00 ] 127.0.0.1 /web/admin.php/Public/checkLogin/
INFO: [ app_begin ] --START--
INFO: ReadHtmlCache Behavior ::run [ RunTime:0.000746s ]
INFO: [ app_begin ] --END-- [ RunTime:0.000805s ]
SQL: SHOW COLUMNS FROM `web_user` [ RunTime:0.006758s ]
SQL: SELECT * FROM `web_user` WHERE ( `username` = 'admin' ) AND ( `status` = 0 ) LIMIT 1   [ RunTime:0.000874s ]
NOTIC: [8] Undefined index: account E:\www\web\admin\Lib\Action\PublicAction.class.php 第 53 行.
SQL: UPDATE `web_user` SET `last_login_time`=1378732416,`login_count`=login_count+1,`last_login_ip`='127.0.0.1' WHERE ( `id` = 1 ) [ RunTime:0.000480s ]
NOTIC: [2] json_encode(): Invalid UTF-8 sequence in argument E:\www\web\ThinkPHP\Lib\Core\Action.class.php 第 322 行.

[ 2013-09-09T21:14:08+08:00 ] 127.0.0.1 /web/admin.php/Public/checkLogin/
INFO: [ app_begin ] --START--
INFO: ReadHtmlCache Behavior ::run [ RunTime:0.000783s ]
INFO: [ app_begin ] --END-- [ RunTime:0.000845s ]
SQL: SHOW COLUMNS FROM `web_user` [ RunTime:0.013143s ]
SQL: SELECT * FROM `web_user` WHERE ( `username` = 'admin' ) AND ( `status` = 0 ) LIMIT 1   [ RunTime:0.000805s ]
NOTIC: [8] Undefined index: account E:\www\web\admin\Lib\Action\PublicAction.class.php 第 53 行.
SQL: UPDATE `web_user` SET `last_login_time`=1378732448,`login_count`=login_count+1,`last_login_ip`='127.0.0.1' WHERE ( `id` = 1 ) [ RunTime:0.000593s ]
NOTIC: [2] json_encode(): Invalid UTF-8 sequence in argument E:\www\web\ThinkPHP\Lib\Core\Action.class.php 第 322 行.

[ 2013-09-09T21:14:32+08:00 ] 127.0.0.1 /web/admin.php/Public/checkLogin/
INFO: [ app_begin ] --START--
INFO: ReadHtmlCache Behavior ::run [ RunTime:0.001224s ]
INFO: [ app_begin ] --END-- [ RunTime:0.001308s ]
SQL: SHOW COLUMNS FROM `web_user` [ RunTime:0.006944s ]
SQL: SELECT * FROM `web_user` WHERE ( `username` = 'admin' ) AND ( `status` = 0 ) LIMIT 1   [ RunTime:0.001110s ]
NOTIC: [8] Undefined index: account E:\www\web\admin\Lib\Action\PublicAction.class.php 第 53 行.
SQL: UPDATE `web_user` SET `last_login_time`=1378732472,`login_count`=login_count+1,`last_login_ip`='127.0.0.1' WHERE ( `id` = 1 ) [ RunTime:0.000659s ]
NOTIC: [2] json_encode(): Invalid UTF-8 sequence in argument E:\www\web\ThinkPHP\Lib\Core\Action.class.php 第 322 行.

[ 2013-09-09T21:15:01+08:00 ] 127.0.0.1 /web/admin.php/Public/checkLogin/
INFO: [ app_begin ] --START--
INFO: ReadHtmlCache Behavior ::run [ RunTime:0.001128s ]
INFO: [ app_begin ] --END-- [ RunTime:0.001251s ]
SQL: SHOW COLUMNS FROM `web_user` [ RunTime:0.009848s ]
SQL: SELECT * FROM `web_user` WHERE ( `username` = 'admin' ) AND ( `status` = 0 ) LIMIT 1   [ RunTime:0.000688s ]
NOTIC: [8] Undefined index: account E:\www\web\admin\Lib\Action\PublicAction.class.php 第 53 行.
SQL: UPDATE `web_user` SET `last_login_time`=1378732501,`login_count`=login_count+1,`last_login_ip`='127.0.0.1' WHERE ( `id` = 1 ) [ RunTime:0.001209s ]
NOTIC: [2] json_encode(): Invalid UTF-8 sequence in argument E:\www\web\ThinkPHP\Lib\Core\Action.class.php 第 322 行.

[ 2013-09-09T21:17:51+08:00 ] 127.0.0.1 /web/admin.php/Public/checkLogin/
INFO: [ app_begin ] --START--
INFO: ReadHtmlCache Behavior ::run [ RunTime:0.000926s ]
INFO: [ app_begin ] --END-- [ RunTime:0.000998s ]
SQL: SHOW COLUMNS FROM `web_user` [ RunTime:0.008895s ]
SQL: SELECT * FROM `web_user` WHERE ( `username` = 'admin' ) AND ( `status` = 0 ) LIMIT 1   [ RunTime:0.001056s ]
NOTIC: [8] Undefined index: account E:\www\web\admin\Lib\Action\PublicAction.class.php 第 53 行.
SQL: UPDATE `web_user` SET `last_login_time`=1378732671,`login_count`=login_count+1,`last_login_ip`='127.0.0.1' WHERE ( `id` = 1 ) [ RunTime:0.000628s ]
NOTIC: [2] json_encode(): Invalid UTF-8 sequence in argument E:\www\web\ThinkPHP\Lib\Core\Action.class.php 第 322 行.

