[ 2013-08-09T13:23:24+08:00 ] 127.0.0.1 /new/web/index.php
INFO: [ app_begin ] --START--
INFO: ReadHtmlCache Behavior ::run [ RunTime:0.001262s ]
INFO: [ app_begin ] --END-- [ RunTime:0.001441s ]
INFO: [ view_parse ] --START--
INFO: ParseTemplate Behavior ::run [ RunTime:0.010185s ]
INFO: [ view_parse ] --END-- [ RunTime:0.010379s ]
INFO: [ view_filter ] --START--
NOTIC: [8] Use of undefined constant APP_TMPL_PATH - assumed 'APP_TMPL_PATH' E:\new\web\ThinkPHP\Lib\Behavior\ContentReplaceBehavior.class.php 第 40 行.
NOTIC: [8] Use of undefined constant APP_TMPL_PATH - assumed 'APP_TMPL_PATH' E:\new\web\ThinkPHP\Lib\Behavior\ContentReplaceBehavior.class.php 第 47 行.
INFO: ContentReplace Behavior ::run [ RunTime:0.000931s ]
INFO: TokenBuild Behavior ::run [ RunTime:0.000798s ]
INFO: WriteHtmlCache Behavior ::run [ RunTime:0.000606s ]
INFO: ShowRuntime Behavior ::run [ RunTime:0.001021s ]
INFO: [ view_filter ] --END-- [ RunTime:0.003689s ]
INFO: [ view_end ] --START--
INFO: ShowPageTrace Behavior ::run [ RunTime:0.001027s ]
INFO: [ view_end ] --END-- [ RunTime:0.001144s ]

[ 2013-08-09T13:25:57+08:00 ] 127.0.0.1 /new/web/index.php
INFO: [ app_begin ] --START--
INFO: ReadHtmlCache Behavior ::run [ RunTime:0.001012s ]
INFO: [ app_begin ] --END-- [ RunTime:0.001197s ]
INFO: [ view_parse ] --START--
INFO: ParseTemplate Behavior ::run [ RunTime:0.025812s ]
INFO: [ view_parse ] --END-- [ RunTime:0.025990s ]
INFO: [ view_filter ] --START--
INFO: ContentReplace Behavior ::run [ RunTime:0.001257s ]
INFO: TokenBuild Behavior ::run [ RunTime:0.000671s ]
INFO: WriteHtmlCache Behavior ::run [ RunTime:0.000469s ]
INFO: ShowRuntime Behavior ::run [ RunTime:0.000911s ]
INFO: [ view_filter ] --END-- [ RunTime:0.003641s ]
INFO: [ view_end ] --START--
INFO: ShowPageTrace Behavior ::run [ RunTime:0.000999s ]
INFO: [ view_end ] --END-- [ RunTime:0.001123s ]

[ 2013-08-09T13:31:54+08:00 ] 127.0.0.1 /new/web/index.php
INFO: [ app_begin ] --START--
INFO: ReadHtmlCache Behavior ::run [ RunTime:0.000991s ]
INFO: [ app_begin ] --END-- [ RunTime:0.001154s ]
INFO: [ view_parse ] --START--
INFO: ParseTemplate Behavior ::run [ RunTime:0.025882s ]
INFO: [ view_parse ] --END-- [ RunTime:0.026046s ]
INFO: [ view_filter ] --START--
INFO: ContentReplace Behavior ::run [ RunTime:0.001314s ]
INFO: TokenBuild Behavior ::run [ RunTime:0.001085s ]
INFO: WriteHtmlCache Behavior ::run [ RunTime:0.000682s ]
INFO: ShowRuntime Behavior ::run [ RunTime:0.001063s ]
INFO: [ view_filter ] --END-- [ RunTime:0.004699s ]
INFO: [ view_end ] --START--
INFO: ShowPageTrace Behavior ::run [ RunTime:0.000932s ]
INFO: [ view_end ] --END-- [ RunTime:0.001059s ]

[ 2013-08-09T13:32:47+08:00 ] 127.0.0.1 /new/web/
INFO: [ app_begin ] --START--
INFO: ReadHtmlCache Behavior ::run [ RunTime:0.000848s ]
INFO: [ app_begin ] --END-- [ RunTime:0.001019s ]
INFO: [ view_parse ] --START--
INFO: ParseTemplate Behavior ::run [ RunTime:0.020848s ]
INFO: [ view_parse ] --END-- [ RunTime:0.021022s ]
INFO: [ view_filter ] --START--
INFO: ContentReplace Behavior ::run [ RunTime:0.001235s ]
INFO: TokenBuild Behavior ::run [ RunTime:0.000667s ]
INFO: WriteHtmlCache Behavior ::run [ RunTime:0.000385s ]
INFO: ShowRuntime Behavior ::run [ RunTime:0.000729s ]
INFO: [ view_filter ] --END-- [ RunTime:0.003350s ]
INFO: [ view_end ] --START--
INFO: ShowPageTrace Behavior ::run [ RunTime:0.000733s ]
INFO: [ view_end ] --END-- [ RunTime:0.000846s ]

[ 2013-08-09T13:34:38+08:00 ] 127.0.0.1 /new/web/index.php
INFO: [ app_begin ] --START--
INFO: ReadHtmlCache Behavior ::run [ RunTime:0.001029s ]
INFO: [ app_begin ] --END-- [ RunTime:0.001221s ]
INFO: [ view_parse ] --START--
INFO: ParseTemplate Behavior ::run [ RunTime:0.024175s ]
INFO: [ view_parse ] --END-- [ RunTime:0.024342s ]
INFO: [ view_filter ] --START--
INFO: ContentReplace Behavior ::run [ RunTime:0.001210s ]
INFO: TokenBuild Behavior ::run [ RunTime:0.000668s ]
INFO: WriteHtmlCache Behavior ::run [ RunTime:0.000431s ]
INFO: ShowRuntime Behavior ::run [ RunTime:0.000784s ]
INFO: [ view_filter ] --END-- [ RunTime:0.003417s ]
INFO: [ view_end ] --START--
INFO: ShowPageTrace Behavior ::run [ RunTime:0.001069s ]
INFO: [ view_end ] --END-- [ RunTime:0.001200s ]

[ 2013-08-09T13:35:21+08:00 ] 127.0.0.1 /new/web/
INFO: [ app_begin ] --START--
INFO: ReadHtmlCache Behavior ::run [ RunTime:0.001098s ]
INFO: [ app_begin ] --END-- [ RunTime:0.001264s ]
INFO: [ view_parse ] --START--
INFO: ParseTemplate Behavior ::run [ RunTime:0.021861s ]
INFO: [ view_parse ] --END-- [ RunTime:0.022019s ]
INFO: [ view_filter ] --START--
INFO: ContentReplace Behavior ::run [ RunTime:0.001240s ]
INFO: TokenBuild Behavior ::run [ RunTime:0.000895s ]
INFO: WriteHtmlCache Behavior ::run [ RunTime:0.000603s ]
INFO: ShowRuntime Behavior ::run [ RunTime:0.000918s ]
INFO: [ view_filter ] --END-- [ RunTime:0.004030s ]
INFO: [ view_end ] --START--
INFO: ShowPageTrace Behavior ::run [ RunTime:0.000965s ]
INFO: [ view_end ] --END-- [ RunTime:0.001080s ]

[ 2013-08-09T13:41:08+08:00 ] 127.0.0.1 /new/web/
INFO: [ app_begin ] --START--
INFO: ReadHtmlCache Behavior ::run [ RunTime:0.001116s ]
INFO: [ app_begin ] --END-- [ RunTime:0.001274s ]
INFO: [ view_parse ] --START--
INFO: ParseTemplate Behavior ::run [ RunTime:0.021236s ]
INFO: [ view_parse ] --END-- [ RunTime:0.021399s ]
INFO: [ view_filter ] --START--
INFO: ContentReplace Behavior ::run [ RunTime:0.001118s ]
INFO: TokenBuild Behavior ::run [ RunTime:0.000672s ]
INFO: WriteHtmlCache Behavior ::run [ RunTime:0.000484s ]
INFO: ShowRuntime Behavior ::run [ RunTime:0.000804s ]
INFO: [ view_filter ] --END-- [ RunTime:0.003390s ]
INFO: [ view_end ] --START--
INFO: ShowPageTrace Behavior ::run [ RunTime:0.001433s ]
INFO: [ view_end ] --END-- [ RunTime:0.002355s ]

[ 2013-08-09T14:22:08+08:00 ] 127.0.0.1 /new/web/index.php
INFO: [ app_begin ] --START--
INFO: ReadHtmlCache Behavior ::run [ RunTime:0.000940s ]
INFO: [ app_begin ] --END-- [ RunTime:0.001109s ]
INFO: [ view_parse ] --START--
INFO: ParseTemplate Behavior ::run [ RunTime:0.021509s ]
INFO: [ view_parse ] --END-- [ RunTime:0.021666s ]
INFO: [ view_filter ] --START--
INFO: ContentReplace Behavior ::run [ RunTime:0.001107s ]
INFO: TokenBuild Behavior ::run [ RunTime:0.000674s ]
INFO: WriteHtmlCache Behavior ::run [ RunTime:0.000443s ]
INFO: ShowRuntime Behavior ::run [ RunTime:0.000781s ]
INFO: [ view_filter ] --END-- [ RunTime:0.003338s ]
INFO: [ view_end ] --START--
INFO: ShowPageTrace Behavior ::run [ RunTime:0.000805s ]
INFO: [ view_end ] --END-- [ RunTime:0.000918s ]

[ 2013-08-09T14:22:47+08:00 ] 127.0.0.1 /new/web/index.php
INFO: [ app_begin ] --START--
INFO: ReadHtmlCache Behavior ::run [ RunTime:0.001449s ]
INFO: [ app_begin ] --END-- [ RunTime:0.001631s ]
INFO: [ view_parse ] --START--
INFO: ParseTemplate Behavior ::run [ RunTime:0.023189s ]
INFO: [ view_parse ] --END-- [ RunTime:0.023353s ]
INFO: [ view_filter ] --START--
INFO: ContentReplace Behavior ::run [ RunTime:0.001874s ]
INFO: TokenBuild Behavior ::run [ RunTime:0.000954s ]
INFO: WriteHtmlCache Behavior ::run [ RunTime:0.000630s ]
INFO: ShowRuntime Behavior ::run [ RunTime:0.000983s ]
INFO: [ view_filter ] --END-- [ RunTime:0.004807s ]
INFO: [ view_end ] --START--
INFO: ShowPageTrace Behavior ::run [ RunTime:0.001276s ]
INFO: [ view_end ] --END-- [ RunTime:0.001402s ]

[ 2013-08-09T14:27:40+08:00 ] 127.0.0.1 /new/web/
INFO: [ app_begin ] --START--
INFO: ReadHtmlCache Behavior ::run [ RunTime:0.001355s ]
INFO: [ app_begin ] --END-- [ RunTime:0.001624s ]
INFO: [ view_parse ] --START--
INFO: ParseTemplate Behavior ::run [ RunTime:0.022181s ]
INFO: [ view_parse ] --END-- [ RunTime:0.022634s ]
INFO: [ view_filter ] --START--
INFO: ContentReplace Behavior ::run [ RunTime:0.001767s ]
INFO: TokenBuild Behavior ::run [ RunTime:0.000972s ]
INFO: WriteHtmlCache Behavior ::run [ RunTime:0.000785s ]
INFO: ShowRuntime Behavior ::run [ RunTime:0.001068s ]
INFO: [ view_filter ] --END-- [ RunTime:0.005061s ]
INFO: [ view_end ] --START--
INFO: ShowPageTrace Behavior ::run [ RunTime:0.001006s ]
INFO: [ view_end ] --END-- [ RunTime:0.001124s ]

[ 2013-08-09T14:28:47+08:00 ] 127.0.0.1 /new/web/
INFO: [ app_begin ] --START--
INFO: ReadHtmlCache Behavior ::run [ RunTime:0.001175s ]
INFO: [ app_begin ] --END-- [ RunTime:0.001467s ]
INFO: [ view_parse ] --START--
INFO: ParseTemplate Behavior ::run [ RunTime:0.024135s ]
INFO: [ view_parse ] --END-- [ RunTime:0.024323s ]
INFO: [ view_filter ] --START--
INFO: ContentReplace Behavior ::run [ RunTime:0.001330s ]
INFO: TokenBuild Behavior ::run [ RunTime:0.000710s ]
INFO: WriteHtmlCache Behavior ::run [ RunTime:0.000407s ]
INFO: ShowRuntime Behavior ::run [ RunTime:0.000823s ]
INFO: [ view_filter ] --END-- [ RunTime:0.003685s ]
INFO: [ view_end ] --START--
INFO: ShowPageTrace Behavior ::run [ RunTime:0.000836s ]
INFO: [ view_end ] --END-- [ RunTime:0.000956s ]

[ 2013-08-09T14:29:14+08:00 ] 127.0.0.1 /new/web/
INFO: [ app_begin ] --START--
INFO: ReadHtmlCache Behavior ::run [ RunTime:0.000974s ]
INFO: [ app_begin ] --END-- [ RunTime:0.001178s ]
INFO: [ view_parse ] --START--
INFO: ParseTemplate Behavior ::run [ RunTime:0.030013s ]
INFO: [ view_parse ] --END-- [ RunTime:0.030253s ]
INFO: [ view_filter ] --START--
INFO: ContentReplace Behavior ::run [ RunTime:0.001441s ]
INFO: TokenBuild Behavior ::run [ RunTime:0.001032s ]
INFO: WriteHtmlCache Behavior ::run [ RunTime:0.000682s ]
INFO: ShowRuntime Behavior ::run [ RunTime:0.001164s ]
INFO: [ view_filter ] --END-- [ RunTime:0.004961s ]
INFO: [ view_end ] --START--
INFO: ShowPageTrace Behavior ::run [ RunTime:0.001556s ]
INFO: [ view_end ] --END-- [ RunTime:0.001760s ]

[ 2013-08-09T14:29:57+08:00 ] 127.0.0.1 /new/web/
INFO: [ app_begin ] --START--
INFO: ReadHtmlCache Behavior ::run [ RunTime:0.001293s ]
INFO: [ app_begin ] --END-- [ RunTime:0.001520s ]
INFO: [ view_parse ] --START--
INFO: ParseTemplate Behavior ::run [ RunTime:0.025504s ]
INFO: [ view_parse ] --END-- [ RunTime:0.025664s ]
INFO: [ view_filter ] --START--
INFO: ContentReplace Behavior ::run [ RunTime:0.001142s ]
INFO: TokenBuild Behavior ::run [ RunTime:0.001011s ]
INFO: WriteHtmlCache Behavior ::run [ RunTime:0.000990s ]
INFO: ShowRuntime Behavior ::run [ RunTime:0.002308s ]
INFO: [ view_filter ] --END-- [ RunTime:0.006193s ]
INFO: [ view_end ] --START--
INFO: ShowPageTrace Behavior ::run [ RunTime:0.001020s ]
INFO: [ view_end ] --END-- [ RunTime:0.001150s ]

[ 2013-08-09T14:31:14+08:00 ] 127.0.0.1 /new/web/
INFO: [ app_begin ] --START--
INFO: ReadHtmlCache Behavior ::run [ RunTime:0.000939s ]
INFO: [ app_begin ] --END-- [ RunTime:0.001113s ]
INFO: [ view_parse ] --START--
INFO: ParseTemplate Behavior ::run [ RunTime:0.018382s ]
INFO: [ view_parse ] --END-- [ RunTime:0.018531s ]
INFO: [ view_filter ] --START--
INFO: ContentReplace Behavior ::run [ RunTime:0.001018s ]
INFO: TokenBuild Behavior ::run [ RunTime:0.000606s ]
INFO: WriteHtmlCache Behavior ::run [ RunTime:0.000408s ]
INFO: ShowRuntime Behavior ::run [ RunTime:0.000835s ]
INFO: [ view_filter ] --END-- [ RunTime:0.003198s ]
INFO: [ view_end ] --START--
INFO: ShowPageTrace Behavior ::run [ RunTime:0.001298s ]
INFO: [ view_end ] --END-- [ RunTime:0.001555s ]

[ 2013-08-09T14:31:50+08:00 ] 127.0.0.1 /new/web/
INFO: [ app_begin ] --START--
INFO: ReadHtmlCache Behavior ::run [ RunTime:0.000844s ]
INFO: [ app_begin ] --END-- [ RunTime:0.001010s ]
INFO: [ view_parse ] --START--
INFO: ParseTemplate Behavior ::run [ RunTime:0.020989s ]
INFO: [ view_parse ] --END-- [ RunTime:0.021188s ]
INFO: [ view_filter ] --START--
INFO: ContentReplace Behavior ::run [ RunTime:0.001098s ]
INFO: TokenBuild Behavior ::run [ RunTime:0.000609s ]
INFO: WriteHtmlCache Behavior ::run [ RunTime:0.000405s ]
INFO: ShowRuntime Behavior ::run [ RunTime:0.000811s ]
INFO: [ view_filter ] --END-- [ RunTime:0.003279s ]
INFO: [ view_end ] --START--
INFO: ShowPageTrace Behavior ::run [ RunTime:0.000821s ]
INFO: [ view_end ] --END-- [ RunTime:0.000943s ]

[ 2013-08-09T14:32:17+08:00 ] 127.0.0.1 /new/web/
INFO: [ app_begin ] --START--
INFO: ReadHtmlCache Behavior ::run [ RunTime:0.001422s ]
INFO: [ app_begin ] --END-- [ RunTime:0.001655s ]
INFO: [ view_parse ] --START--
INFO: ParseTemplate Behavior ::run [ RunTime:0.021806s ]
INFO: [ view_parse ] --END-- [ RunTime:0.021993s ]
INFO: [ view_filter ] --START--
INFO: ContentReplace Behavior ::run [ RunTime:0.001200s ]
INFO: TokenBuild Behavior ::run [ RunTime:0.000732s ]
INFO: WriteHtmlCache Behavior ::run [ RunTime:0.000460s ]
INFO: ShowRuntime Behavior ::run [ RunTime:0.000787s ]
INFO: [ view_filter ] --END-- [ RunTime:0.003503s ]
INFO: [ view_end ] --START--
INFO: ShowPageTrace Behavior ::run [ RunTime:0.000942s ]
INFO: [ view_end ] --END-- [ RunTime:0.001061s ]

[ 2013-08-09T14:32:20+08:00 ] 127.0.0.1 /new/web/
INFO: [ app_begin ] --START--
INFO: ReadHtmlCache Behavior ::run [ RunTime:0.001486s ]
INFO: [ app_begin ] --END-- [ RunTime:0.001693s ]
INFO: [ view_parse ] --START--
INFO: ParseTemplate Behavior ::run [ RunTime:0.022072s ]
INFO: [ view_parse ] --END-- [ RunTime:0.022302s ]
INFO: [ view_filter ] --START--
INFO: ContentReplace Behavior ::run [ RunTime:0.001061s ]
INFO: TokenBuild Behavior ::run [ RunTime:0.000614s ]
INFO: WriteHtmlCache Behavior ::run [ RunTime:0.000392s ]
INFO: ShowRuntime Behavior ::run [ RunTime:0.000800s ]
INFO: [ view_filter ] --END-- [ RunTime:0.003212s ]
INFO: [ view_end ] --START--
INFO: ShowPageTrace Behavior ::run [ RunTime:0.000792s ]
INFO: [ view_end ] --END-- [ RunTime:0.000904s ]

[ 2013-08-09T14:32:39+08:00 ] 127.0.0.1 /new/web/
INFO: [ app_begin ] --START--
INFO: ReadHtmlCache Behavior ::run [ RunTime:0.000975s ]
INFO: [ app_begin ] --END-- [ RunTime:0.001124s ]
INFO: [ view_parse ] --START--
INFO: ParseTemplate Behavior ::run [ RunTime:0.020347s ]
INFO: [ view_parse ] --END-- [ RunTime:0.020499s ]
INFO: [ view_filter ] --START--
INFO: ContentReplace Behavior ::run [ RunTime:0.001127s ]
INFO: TokenBuild Behavior ::run [ RunTime:0.000730s ]
INFO: WriteHtmlCache Behavior ::run [ RunTime:0.000560s ]
INFO: ShowRuntime Behavior ::run [ RunTime:0.000872s ]
INFO: [ view_filter ] --END-- [ RunTime:0.003610s ]
INFO: [ view_end ] --START--
INFO: ShowPageTrace Behavior ::run [ RunTime:0.000875s ]
INFO: [ view_end ] --END-- [ RunTime:0.000989s ]

[ 2013-08-09T16:12:27+08:00 ] 127.0.0.1 /new/web/index.php
INFO: [ app_begin ] --START--
INFO: ReadHtmlCache Behavior ::run [ RunTime:0.017110s ]
INFO: [ app_begin ] --END-- [ RunTime:0.043130s ]
INFO: [ view_parse ] --START--
INFO: ParseTemplate Behavior ::run [ RunTime:0.045776s ]
INFO: [ view_parse ] --END-- [ RunTime:0.046177s ]
INFO: [ view_filter ] --START--
INFO: ContentReplace Behavior ::run [ RunTime:0.002539s ]
INFO: TokenBuild Behavior ::run [ RunTime:0.001580s ]
INFO: WriteHtmlCache Behavior ::run [ RunTime:0.001249s ]
INFO: ShowRuntime Behavior ::run [ RunTime:0.001602s ]
INFO: [ view_filter ] --END-- [ RunTime:0.007878s ]
INFO: [ view_end ] --START--
INFO: ShowPageTrace Behavior ::run [ RunTime:0.001562s ]
INFO: [ view_end ] --END-- [ RunTime:0.001711s ]

[ 2013-08-09T16:15:22+08:00 ] 127.0.0.1 /new/web/
INFO: [ app_begin ] --START--
INFO: ReadHtmlCache Behavior ::run [ RunTime:0.001289s ]
INFO: [ app_begin ] --END-- [ RunTime:0.001535s ]
INFO: [ view_parse ] --START--
INFO: ParseTemplate Behavior ::run [ RunTime:0.023197s ]
INFO: [ view_parse ] --END-- [ RunTime:0.023373s ]
INFO: [ view_filter ] --START--
INFO: ContentReplace Behavior ::run [ RunTime:0.001095s ]
INFO: TokenBuild Behavior ::run [ RunTime:0.000661s ]
INFO: WriteHtmlCache Behavior ::run [ RunTime:0.000437s ]
INFO: ShowRuntime Behavior ::run [ RunTime:0.004515s ]
INFO: [ view_filter ] --END-- [ RunTime:0.007100s ]
INFO: [ view_end ] --START--
INFO: ShowPageTrace Behavior ::run [ RunTime:0.001755s ]
INFO: [ view_end ] --END-- [ RunTime:0.001896s ]

[ 2013-08-09T17:11:07+08:00 ] 127.0.0.1 /new/web/
INFO: [ app_begin ] --START--
INFO: ReadHtmlCache Behavior ::run [ RunTime:0.002154s ]
INFO: [ app_begin ] --END-- [ RunTime:0.002406s ]
INFO: [ view_parse ] --START--
INFO: ParseTemplate Behavior ::run [ RunTime:0.034773s ]
INFO: [ view_parse ] --END-- [ RunTime:0.034993s ]
INFO: [ view_filter ] --START--
INFO: ContentReplace Behavior ::run [ RunTime:0.001407s ]
INFO: TokenBuild Behavior ::run [ RunTime:0.000960s ]
INFO: WriteHtmlCache Behavior ::run [ RunTime:0.000706s ]
INFO: ShowRuntime Behavior ::run [ RunTime:0.001170s ]
INFO: [ view_filter ] --END-- [ RunTime:0.004624s ]
INFO: [ view_end ] --START--
INFO: ShowPageTrace Behavior ::run [ RunTime:0.001221s ]
INFO: [ view_end ] --END-- [ RunTime:0.001349s ]

[ 2013-08-09T19:28:30+08:00 ] 127.0.0.1 /new/web/index.php?debug_host=192.168.1.104%2C127.0.0.1&debug_fastfile=1&start_debug=1&debug_port=10137&use_remote=1&original_url=http%3A%2F%2Flocalhost%2Fnew%2Fweb%2Findex.php&send_sess_end=1&debug_stop=1&debug_start_session=1&debug_no_cache=1376047709880&debug_session_id=1001
INFO: [ app_begin ] --START--
INFO: ReadHtmlCache Behavior ::run [ RunTime:0.001372s ]
INFO: [ app_begin ] --END-- [ RunTime:0.001560s ]
INFO: [ view_parse ] --START--
INFO: ParseTemplate Behavior ::run [ RunTime:0.024748s ]
INFO: [ view_parse ] --END-- [ RunTime:0.025013s ]
INFO: [ view_filter ] --START--
INFO: ContentReplace Behavior ::run [ RunTime:0.001796s ]
INFO: TokenBuild Behavior ::run [ RunTime:0.113051s ]
INFO: WriteHtmlCache Behavior ::run [ RunTime:0.002010s ]
INFO: ShowRuntime Behavior ::run [ RunTime:0.002449s ]
INFO: [ view_filter ] --END-- [ RunTime:0.120381s ]
INFO: [ view_end ] --START--
INFO: ShowPageTrace Behavior ::run [ RunTime:0.001758s ]
INFO: [ view_end ] --END-- [ RunTime:0.001949s ]

